140922 205115.301|CONFIG|main|setFileHandlers|Now logging to C:\Users\Qasim\Documents\CMUQ WORK\Fall 2014\Competition Progg\pc2-9.2.3\bin\logs directory.
140922 205115.304|INFO|main|info|
140922 205115.309|INFO|main|info|Version 9.2.3 20120910 (Monday, September 10th 2012 16:20 UTC) Java ver 1.8.0_20 build 2565 Windows 7 6.1 (amd64) 
140922 205115.309|INFO|main|startLog|Working directory is C:\Users\Qasim\Documents\CMUQ WORK\Fall 2014\Competition Progg\pc2-9.2.3\bin
140922 205115.324|INFO|main|startLog|Process id is 6212@CHIKAANCOMPUTER
140922 205115.324|INFO|main|start|Starting ConnectionManager...
140922 205127.183|INFO|main|start|Started ConnectionManager
140922 205127.186|INFO|main|setClientServerAndPort|INI File location: file:/C:/Users/Qasim/Documents/CMUQ%20WORK/Fall%202014/Competition%20Progg/pc2-9.2.3/bin/pc2v9.ini
140922 205127.186|INFO|main|setClientServerAndPort|setClientServerAndPort pc2.qatar.cmu.edu parsed as pc2.qatar.cmu.edu port 50002
140922 205127.187|INFO|main|info|Contacting server at pc2.qatar.cmu.edu:50002
140922 205127.187|INFO|main|connectToMyServer|Connecting to pc2.qatar.cmu.edu:50002
140922 205129.006|INFO|Thread-1|receiveUnencrypted|receiveUnencrypted(TransportWrapper, ConnectionHandlerID=Socket[addr=pc2.qatar.cmu.edu/86.36.46.144,port=50002,localport=50581]-8321553511777006156)
140922 205129.160|INFO|Thread-1|receiveUnencrypted|receiveUnencrypted Made a secret key for Socket[addr=pc2.qatar.cmu.edu/86.36.46.144,port=50002,localport=50581]-8321553511777006156 key is com.sun.crypto.provider.DESKey@fffe78c6
140922 205129.160|INFO|Thread-1|getPublicKeyPacket|Generating Unencrypted Public Key Packet
140922 205129.165|INFO|Thread-1|getPublicKeyPacket|checking key:= SunJCE Diffie-Hellman Public Key:
y:
    6776ae26 ce44b09e 8b3e918c 22600e98 e1517e56 6d291530 274c7778 6fe8362f
    621a39cc 6edb561e bec3d394 5bc35b33 4effe9dc 4a054d6c cfe179a8 29ddccaf
    b3266dd8 9c17bf77 8e29fed6 2287d62f 7a0c3a6b 5f914556 b80e6b5f e76e6b6c
    e8d7f9d6 75a37019 3ad12b57 8998fa2e 5cd60155 2b3140a2 8303e3a1 3263fc6f
p:
    f488fd58 4e49dbcd 20b49de4 9107366b 336c380d 451d0f7c 88b31c7c 5b2d8ef6
    f3c923c0 43f0a55b 188d8ebb 558cb85d 38d334fd 7c175743 a31d186c de33212c
    b52aff3c e1b12940 18118d7c 84a70a72 d686c403 19c80729 7aca950c d9969fab
    d00a509b 0246d308 3d66a45d 419f9c7c bd894b22 1926baab a25ec355 e92f78c7
g:
    02
l:
    512
140922 205129.169|INFO|Thread-1|getPublicKeyPacket|packet:= edu.csus.ecs.pc2.core.transport.TransportWrapper@2d1d61eb
