140831 215831.639|CONFIG|main|setFileHandlers|Now logging to C:\Users\Qasim\Documents\CMUQ WORK\Fall 2014\Competition Progg\pc2-9.2.3\bin\logs directory.
140831 215831.641|INFO|main|info|
140831 215831.647|INFO|main|info|Version 9.2.3 20120910 (Monday, September 10th 2012 16:20 UTC) Java ver 1.8.0_20 build 2565 Windows 7 6.1 (amd64) 
140831 215831.647|INFO|main|startLog|Working directory is C:\Users\Qasim\Documents\CMUQ WORK\Fall 2014\Competition Progg\pc2-9.2.3\bin
140831 215831.662|INFO|main|startLog|Process id is 5484@CHIKAANCOMPUTER
140831 215831.663|INFO|main|start|Starting ConnectionManager...
140831 215842.989|INFO|main|start|Started ConnectionManager
140831 215842.993|INFO|main|setClientServerAndPort|INI File location: file:/C:/Users/Qasim/Documents/CMUQ%20WORK/Fall%202014/Competition%20Progg/pc2-9.2.3/bin/pc2v9.ini
140831 215842.993|INFO|main|setClientServerAndPort|setClientServerAndPort pc2.qatar.cmu.edu parsed as pc2.qatar.cmu.edu port 50002
140831 215842.993|INFO|main|info|Contacting server at pc2.qatar.cmu.edu:50002
140831 215842.995|INFO|main|connectToMyServer|Connecting to pc2.qatar.cmu.edu:50002
140831 215843.004|INFO|main|<init>|could not resolve host:pc2.qatar.cmu.edu
140831 215843.005|INFO|main|connectToMyServer|Could not ConnectToMyServer()
140831 215843.005|INFO|main|start|Exception logged 
|edu.csus.ecs.pc2.core.transport.TransportException: pc2.qatar.cmu.edu
|    at edu.csus.ecs.pc2.core.transport.TransportManager.connectToMyServer (TransportManager.java:197)
|    at edu.csus.ecs.pc2.core.transport.connection.ConnectionManager.connectToMyServer (ConnectionManager.java:99)
|    at edu.csus.ecs.pc2.core.InternalController.start (InternalController.java:2288)
|    at edu.csus.ecs.pc2.Starter.main (Starter.java:49)
140831 215843.006|INFO|main|info|Unable to contact server at pc2.qatar.cmu.edu:0 pc2.qatar.cmu.edu
