140916 162437.561|CONFIG|main|setFileHandlers|Now logging to C:\Users\Qasim\Documents\CMUQ WORK\Fall 2014\Competition Progg\pc2-9.2.3\bin\logs directory.
140916 162437.565|INFO|main|info|
140916 162437.574|INFO|main|info|Version 9.2.3 20120910 (Monday, September 10th 2012 16:20 UTC) Java ver 1.8.0_20 build 2565 Windows 7 6.1 (amd64) 
140916 162437.575|INFO|main|startLog|Working directory is C:\Users\Qasim\Documents\CMUQ WORK\Fall 2014\Competition Progg\pc2-9.2.3\bin
140916 162437.600|INFO|main|startLog|Process id is 11184@CHIKAANCOMPUTER
140916 162437.601|INFO|main|start|Starting ConnectionManager...
140916 162451.612|INFO|main|start|Started ConnectionManager
140916 162451.618|INFO|main|setClientServerAndPort|INI File location: file:/C:/Users/Qasim/Documents/CMUQ%20WORK/Fall%202014/Competition%20Progg/pc2-9.2.3/bin/pc2v9.ini
140916 162451.619|INFO|main|setClientServerAndPort|setClientServerAndPort pc2.qatar.cmu.edu parsed as pc2.qatar.cmu.edu port 50002
140916 162451.619|INFO|main|info|Contacting server at pc2.qatar.cmu.edu:50002
140916 162451.621|INFO|main|connectToMyServer|Connecting to pc2.qatar.cmu.edu:50002
140916 162451.875|INFO|Thread-1|receiveUnencrypted|receiveUnencrypted(TransportWrapper, ConnectionHandlerID=Socket[addr=pc2.qatar.cmu.edu/86.36.46.144,port=50002,localport=55002]--6010127466427919594)
140916 162452.098|INFO|Thread-1|receiveUnencrypted|receiveUnencrypted Made a secret key for Socket[addr=pc2.qatar.cmu.edu/86.36.46.144,port=50002,localport=55002]--6010127466427919594 key is com.sun.crypto.provider.DESKey@fffe7bc1
140916 162452.098|INFO|Thread-1|getPublicKeyPacket|Generating Unencrypted Public Key Packet
140916 162452.100|INFO|Thread-1|getPublicKeyPacket|checking key:= SunJCE Diffie-Hellman Public Key:
y:
    e4cba433 4f529406 3c92081d 04901ffa 0c93e7d0 bf64240b 2e69ce74 bf62f629
    5bf5cf9b a576db5c 5516efcb 5d3ab775 4c3b6170 674cfff6 c8a45366 d503126d
    a9ec7486 1ec796b9 dfd889f9 57e00a50 2c769d35 111edcd2 6d0beeec 4c70760a
    f8af05d9 fe984a63 c18112be 9cb55953 751fdbc7 57ed4abd cd248ba3 81012645
p:
    f488fd58 4e49dbcd 20b49de4 9107366b 336c380d 451d0f7c 88b31c7c 5b2d8ef6
    f3c923c0 43f0a55b 188d8ebb 558cb85d 38d334fd 7c175743 a31d186c de33212c
    b52aff3c e1b12940 18118d7c 84a70a72 d686c403 19c80729 7aca950c d9969fab
    d00a509b 0246d308 3d66a45d 419f9c7c bd894b22 1926baab a25ec355 e92f78c7
g:
    02
l:
    512
140916 162452.101|INFO|Thread-1|getPublicKeyPacket|packet:= edu.csus.ecs.pc2.core.transport.TransportWrapper@8272934
