141102 191955.142|CONFIG|main|setFileHandlers|Now logging to C:\Users\Qasim\Documents\CMUQ WORK\Fall 2014\Competition Progg\pc2-9.2.3\bin\logs directory.
141102 191955.176|INFO|main|info|
141102 191955.281|INFO|main|info|Version 9.2.3 20120910 (Monday, September 10th 2012 16:20 UTC) Java ver 1.8.0_20 build 2565 Windows 7 6.1 (amd64) 
141102 191955.283|INFO|main|startLog|Working directory is C:\Users\Qasim\Documents\CMUQ WORK\Fall 2014\Competition Progg\pc2-9.2.3\bin
141102 191955.461|INFO|main|startLog|Process id is 7956@CHIKAANCOMPUTER
141102 191955.461|INFO|main|start|Starting ConnectionManager...
141102 192013.484|INFO|main|start|Started ConnectionManager
141102 192013.507|INFO|main|setClientServerAndPort|INI File location: file:/C:/Users/Qasim/Documents/CMUQ%20WORK/Fall%202014/Competition%20Progg/pc2-9.2.3/bin/pc2v9.ini
141102 192013.507|INFO|main|setClientServerAndPort|setClientServerAndPort pc2.qatar.cmu.edu parsed as pc2.qatar.cmu.edu port 50002
141102 192013.508|INFO|main|info|Contacting server at pc2.qatar.cmu.edu:50002
141102 192013.510|INFO|main|connectToMyServer|Connecting to pc2.qatar.cmu.edu:50002
141102 192014.008|INFO|Thread-1|receiveUnencrypted|receiveUnencrypted(TransportWrapper, ConnectionHandlerID=Socket[addr=pc2.qatar.cmu.edu/86.36.46.144,port=50002,localport=51990]--1632053366736901202)
141102 192014.640|INFO|Thread-1|receiveUnencrypted|receiveUnencrypted Made a secret key for Socket[addr=pc2.qatar.cmu.edu/86.36.46.144,port=50002,localport=51990]--1632053366736901202 key is com.sun.crypto.provider.DESKey@18714
141102 192014.640|INFO|Thread-1|getPublicKeyPacket|Generating Unencrypted Public Key Packet
141102 192014.642|INFO|Thread-1|getPublicKeyPacket|checking key:= SunJCE Diffie-Hellman Public Key:
y:
    806a7407 57ba1fee cb5ef57e e0b26022 c0511197 23e3d352 e47f17b5 b480eb69
    a10450ac 1eb55a87 3ee596c6 85d7caeb 2d607bed 5da95aed 7ac0a8e3 bf016b24
    30f6ea9d 5b8220f6 ed2ace18 49c57ba8 af21b433 8aae9362 2908e4df 58611881
    5ff26b5b 46fc3127 62110d4f 71699729 ea7ae386 a5506934 e30275e7 e50677e0
p:
    f488fd58 4e49dbcd 20b49de4 9107366b 336c380d 451d0f7c 88b31c7c 5b2d8ef6
    f3c923c0 43f0a55b 188d8ebb 558cb85d 38d334fd 7c175743 a31d186c de33212c
    b52aff3c e1b12940 18118d7c 84a70a72 d686c403 19c80729 7aca950c d9969fab
    d00a509b 0246d308 3d66a45d 419f9c7c bd894b22 1926baab a25ec355 e92f78c7
g:
    02
l:
    512
141102 192014.643|INFO|Thread-1|getPublicKeyPacket|packet:= edu.csus.ecs.pc2.core.transport.TransportWrapper@314fd283
