140921 223745.034|CONFIG|main|setFileHandlers|Now logging to C:\Users\Qasim\Documents\CMUQ WORK\Fall 2014\Competition Progg\pc2-9.2.3\bin\logs directory.
140921 223745.038|INFO|main|info|
140921 223745.046|INFO|main|info|Version 9.2.3 20120910 (Monday, September 10th 2012 16:20 UTC) Java ver 1.8.0_20 build 2565 Windows 7 6.1 (amd64) 
140921 223745.047|INFO|main|startLog|Working directory is C:\Users\Qasim\Documents\CMUQ WORK\Fall 2014\Competition Progg\pc2-9.2.3\bin
140921 223745.066|INFO|main|startLog|Process id is 7624@CHIKAANCOMPUTER
140921 223745.067|INFO|main|start|Starting ConnectionManager...
140921 223759.047|INFO|main|start|Started ConnectionManager
140921 223759.054|INFO|main|setClientServerAndPort|INI File location: file:/C:/Users/Qasim/Documents/CMUQ%20WORK/Fall%202014/Competition%20Progg/pc2-9.2.3/bin/pc2v9.ini
140921 223759.055|INFO|main|setClientServerAndPort|setClientServerAndPort pc2.qatar.cmu.edu parsed as pc2.qatar.cmu.edu port 50002
140921 223759.055|INFO|main|info|Contacting server at pc2.qatar.cmu.edu:50002
140921 223759.057|INFO|main|connectToMyServer|Connecting to pc2.qatar.cmu.edu:50002
140921 223800.641|INFO|Thread-1|receiveUnencrypted|receiveUnencrypted(TransportWrapper, ConnectionHandlerID=Socket[addr=pc2.qatar.cmu.edu/86.36.46.144,port=50002,localport=59047]-8479103773801135356)
140921 223800.817|INFO|Thread-1|receiveUnencrypted|receiveUnencrypted Made a secret key for Socket[addr=pc2.qatar.cmu.edu/86.36.46.144,port=50002,localport=59047]-8479103773801135356 key is com.sun.crypto.provider.DESKey@1843d
140921 223800.817|INFO|Thread-1|getPublicKeyPacket|Generating Unencrypted Public Key Packet
140921 223800.819|INFO|Thread-1|getPublicKeyPacket|checking key:= SunJCE Diffie-Hellman Public Key:
y:
    887589c1 41750e47 401f4e0f eff55544 b62dfb7f c10dfdd7 82b3e52f 6b4382c4
    774ae8f0 c7aad2c4 1808ad91 b0384359 e78509b8 02decfea b9885de8 e1e0ec18
    dd048ad5 3ca0c735 57114d15 7797f2de ae10cf27 2dfff7a7 f0813910 6fa3ffa4
    1a0435a0 70bf8c92 ae9d1d7b 07819373 50d01c27 7d7ef1db b96c9c96 25c4bcbf
p:
    f488fd58 4e49dbcd 20b49de4 9107366b 336c380d 451d0f7c 88b31c7c 5b2d8ef6
    f3c923c0 43f0a55b 188d8ebb 558cb85d 38d334fd 7c175743 a31d186c de33212c
    b52aff3c e1b12940 18118d7c 84a70a72 d686c403 19c80729 7aca950c d9969fab
    d00a509b 0246d308 3d66a45d 419f9c7c bd894b22 1926baab a25ec355 e92f78c7
g:
    02
l:
    512
140921 223800.820|INFO|Thread-1|getPublicKeyPacket|packet:= edu.csus.ecs.pc2.core.transport.TransportWrapper@2d1d61eb
