141026 184557.427|CONFIG|main|setFileHandlers|Now logging to C:\Users\Qasim\Documents\CMUQ WORK\Fall 2014\Competition Progg\pc2-9.2.3\bin\logs directory.
141026 184557.429|INFO|main|info|
141026 184557.435|INFO|main|info|Version 9.2.3 20120910 (Monday, September 10th 2012 16:20 UTC) Java ver 1.8.0_20 build 2565 Windows 7 6.1 (amd64) 
141026 184557.436|INFO|main|startLog|Working directory is C:\Users\Qasim\Documents\CMUQ WORK\Fall 2014\Competition Progg\pc2-9.2.3\bin
141026 184557.487|INFO|main|startLog|Process id is 5200@CHIKAANCOMPUTER
141026 184557.488|INFO|main|start|Starting ConnectionManager...
141026 184610.005|INFO|main|start|Started ConnectionManager
141026 184610.021|INFO|main|setClientServerAndPort|INI File location: file:/C:/Users/Qasim/Documents/CMUQ%20WORK/Fall%202014/Competition%20Progg/pc2-9.2.3/bin/pc2v9.ini
141026 184610.022|INFO|main|setClientServerAndPort|setClientServerAndPort pc2.qatar.cmu.edu parsed as pc2.qatar.cmu.edu port 50002
141026 184610.022|INFO|main|info|Contacting server at pc2.qatar.cmu.edu:50002
141026 184610.024|INFO|main|connectToMyServer|Connecting to pc2.qatar.cmu.edu:50002
141026 184610.597|INFO|Thread-1|receiveUnencrypted|receiveUnencrypted(TransportWrapper, ConnectionHandlerID=Socket[addr=pc2.qatar.cmu.edu/86.36.46.144,port=50002,localport=54327]--6399289355225876664)
141026 184616.486|INFO|Thread-1|receiveUnencrypted|receiveUnencrypted Made a secret key for Socket[addr=pc2.qatar.cmu.edu/86.36.46.144,port=50002,localport=54327]--6399289355225876664 key is com.sun.crypto.provider.DESKey@fffe7830
141026 184616.487|INFO|Thread-1|getPublicKeyPacket|Generating Unencrypted Public Key Packet
141026 184616.488|INFO|Thread-1|getPublicKeyPacket|checking key:= SunJCE Diffie-Hellman Public Key:
y:
    777cba22 437b7c7d 9fe2e48d 78b91a48 4266d5dd eef15b00 01d03cef 5707eb56
    9114b15a 5de6f7ff d2b78c49 002fbb71 a19477ff c88ff2da 88edbf41 ba511e93
    92401427 e785c4e9 16099a0d 5d113b27 92c73c7f ad46cc7b 2e09f1c0 9e1342b2
    a3c193ee 2b8f4fd9 a760ba4e e1200ab0 353e04c0 10cbd185 deba1d81 b182b1df
p:
    f488fd58 4e49dbcd 20b49de4 9107366b 336c380d 451d0f7c 88b31c7c 5b2d8ef6
    f3c923c0 43f0a55b 188d8ebb 558cb85d 38d334fd 7c175743 a31d186c de33212c
    b52aff3c e1b12940 18118d7c 84a70a72 d686c403 19c80729 7aca950c d9969fab
    d00a509b 0246d308 3d66a45d 419f9c7c bd894b22 1926baab a25ec355 e92f78c7
g:
    02
l:
    512
141026 184616.489|INFO|Thread-1|getPublicKeyPacket|packet:= edu.csus.ecs.pc2.core.transport.TransportWrapper@314fd283
