140921 195003.605|CONFIG|main|setFileHandlers|Now logging to C:\Users\Qasim\Documents\CMUQ WORK\Fall 2014\Competition Progg\pc2-9.2.3\bin\logs directory.
140921 195003.615|INFO|main|info|
140921 195003.644|INFO|main|info|Version 9.2.3 20120910 (Monday, September 10th 2012 16:20 UTC) Java ver 1.8.0_20 build 2565 Windows 7 6.1 (amd64) 
140921 195003.645|INFO|main|startLog|Working directory is C:\Users\Qasim\Documents\CMUQ WORK\Fall 2014\Competition Progg\pc2-9.2.3\bin
140921 195003.753|INFO|main|startLog|Process id is 6176@CHIKAANCOMPUTER
140921 195003.753|INFO|main|start|Starting ConnectionManager...
140921 195016.850|INFO|main|start|Started ConnectionManager
140921 195016.878|INFO|main|setClientServerAndPort|INI File location: file:/C:/Users/Qasim/Documents/CMUQ%20WORK/Fall%202014/Competition%20Progg/pc2-9.2.3/bin/pc2v9.ini
140921 195016.878|INFO|main|setClientServerAndPort|setClientServerAndPort pc2.qatar.cmu.edu parsed as pc2.qatar.cmu.edu port 50002
140921 195016.879|INFO|main|info|Contacting server at pc2.qatar.cmu.edu:50002
140921 195016.880|INFO|main|connectToMyServer|Connecting to pc2.qatar.cmu.edu:50002
140921 195017.284|INFO|Thread-1|receiveUnencrypted|receiveUnencrypted(TransportWrapper, ConnectionHandlerID=Socket[addr=pc2.qatar.cmu.edu/86.36.46.144,port=50002,localport=58304]--4965384383327242419)
140921 195022.365|INFO|Thread-1|receiveUnencrypted|receiveUnencrypted Made a secret key for Socket[addr=pc2.qatar.cmu.edu/86.36.46.144,port=50002,localport=58304]--4965384383327242419 key is com.sun.crypto.provider.DESKey@185ef
140921 195022.365|INFO|Thread-1|getPublicKeyPacket|Generating Unencrypted Public Key Packet
140921 195022.366|INFO|Thread-1|getPublicKeyPacket|checking key:= SunJCE Diffie-Hellman Public Key:
y:
    9c8c55b9 8b0efbcf 98b7a368 02a24843 faff2ed1 ad9d9dfb 91baf3b2 5a4d9aa3
    f4461594 7b13d824 4e7feff8 8f4d684f 061c3250 c15f1902 aa133f23 2f1184cf
    56324953 027299e5 c255b186 6dc87dc8 67bcca4b 2a7e4788 773668f4 93d9bd45
    45ec73c8 93f439e3 9a4fb9e2 debc27dd 6c793123 2aa3f638 1591f760 88db0ff4
p:
    f488fd58 4e49dbcd 20b49de4 9107366b 336c380d 451d0f7c 88b31c7c 5b2d8ef6
    f3c923c0 43f0a55b 188d8ebb 558cb85d 38d334fd 7c175743 a31d186c de33212c
    b52aff3c e1b12940 18118d7c 84a70a72 d686c403 19c80729 7aca950c d9969fab
    d00a509b 0246d308 3d66a45d 419f9c7c bd894b22 1926baab a25ec355 e92f78c7
g:
    02
l:
    512
140921 195022.367|INFO|Thread-1|getPublicKeyPacket|packet:= edu.csus.ecs.pc2.core.transport.TransportWrapper@314fd283
