140831 101243.385|CONFIG|main|setFileHandlers|Now logging to C:\Users\Qasim\Documents\CMUQ WORK\Fall 2014\Competition Progg\pc2-9.2.3\bin\logs directory.
140831 101243.387|INFO|main|info|
140831 101243.392|INFO|main|info|Version 9.2.3 20120910 (Monday, September 10th 2012 16:20 UTC) Java ver 1.8.0_20 build 2565 Windows 7 6.1 (amd64) 
140831 101243.393|INFO|main|startLog|Working directory is C:\Users\Qasim\Documents\CMUQ WORK\Fall 2014\Competition Progg\pc2-9.2.3\bin
140831 101243.407|INFO|main|startLog|Process id is 5568@CHIKAANCOMPUTER
140831 101243.408|INFO|main|start|Starting ConnectionManager...
140831 101254.702|INFO|main|start|Started ConnectionManager
140831 101254.724|INFO|main|setClientServerAndPort|INI File location: file:/C:/Users/Qasim/Documents/CMUQ%20WORK/Fall%202014/Competition%20Progg/pc2-9.2.3/bin/pc2v9.ini
140831 101254.724|INFO|main|setClientServerAndPort|setClientServerAndPort pc2.qatar.cmu.edu parsed as pc2.qatar.cmu.edu port 50002
140831 101254.724|INFO|main|info|Contacting server at pc2.qatar.cmu.edu:50002
140831 101254.726|INFO|main|connectToMyServer|Connecting to pc2.qatar.cmu.edu:50002
140831 101256.534|INFO|Thread-1|receiveUnencrypted|receiveUnencrypted(TransportWrapper, ConnectionHandlerID=Socket[addr=pc2.qatar.cmu.edu/86.36.46.144,port=50002,localport=54328]--5088856914681390477)
140831 101301.253|INFO|Thread-1|receiveUnencrypted|receiveUnencrypted Made a secret key for Socket[addr=pc2.qatar.cmu.edu/86.36.46.144,port=50002,localport=54328]--5088856914681390477 key is com.sun.crypto.provider.DESKey@fffe7d56
140831 101301.254|INFO|Thread-1|getPublicKeyPacket|Generating Unencrypted Public Key Packet
140831 101301.256|INFO|Thread-1|getPublicKeyPacket|checking key:= SunJCE Diffie-Hellman Public Key:
y:
    07e301a7 0931e68c ed04227f 5a12e95c 52e2d687 6bb77a2d a4de6720 660ede3f
    9f6ace72 e8cfed13 8217ed21 03d2157b b53f3e6c 024fecdf 9be9dec4 97fe14ed
    6ed72806 5532ce30 0daa54a4 e7411b69 491cbbea eb6bd646 2c3ab174 d2dd1154
    b6235700 fe7b6526 84bcf7d5 38491832 d4773362 a6de52c2 91bb1d78 c65f5b40
p:
    f488fd58 4e49dbcd 20b49de4 9107366b 336c380d 451d0f7c 88b31c7c 5b2d8ef6
    f3c923c0 43f0a55b 188d8ebb 558cb85d 38d334fd 7c175743 a31d186c de33212c
    b52aff3c e1b12940 18118d7c 84a70a72 d686c403 19c80729 7aca950c d9969fab
    d00a509b 0246d308 3d66a45d 419f9c7c bd894b22 1926baab a25ec355 e92f78c7
g:
    02
l:
    512
140831 101301.257|INFO|Thread-1|getPublicKeyPacket|packet:= edu.csus.ecs.pc2.core.transport.TransportWrapper@2d1d61eb
