140923 173303.153|CONFIG|main|setFileHandlers|Now logging to C:\Users\Qasim\Documents\CMUQ WORK\Fall 2014\Competition Progg\pc2-9.2.3\bin\logs directory.
140923 173303.156|INFO|main|info|
140923 173303.162|INFO|main|info|Version 9.2.3 20120910 (Monday, September 10th 2012 16:20 UTC) Java ver 1.8.0_20 build 2565 Windows 7 6.1 (amd64) 
140923 173303.162|INFO|main|startLog|Working directory is C:\Users\Qasim\Documents\CMUQ WORK\Fall 2014\Competition Progg\pc2-9.2.3\bin
140923 173303.178|INFO|main|startLog|Process id is 6344@CHIKAANCOMPUTER
140923 173303.178|INFO|main|start|Starting ConnectionManager...
140923 173315.277|INFO|main|start|Started ConnectionManager
140923 173315.282|INFO|main|setClientServerAndPort|INI File location: file:/C:/Users/Qasim/Documents/CMUQ%20WORK/Fall%202014/Competition%20Progg/pc2-9.2.3/bin/pc2v9.ini
140923 173315.282|INFO|main|setClientServerAndPort|setClientServerAndPort pc2.qatar.cmu.edu parsed as pc2.qatar.cmu.edu port 50002
140923 173315.282|INFO|main|info|Contacting server at pc2.qatar.cmu.edu:50002
140923 173315.283|INFO|main|connectToMyServer|Connecting to pc2.qatar.cmu.edu:50002
140923 173315.955|INFO|Thread-1|receiveUnencrypted|receiveUnencrypted(TransportWrapper, ConnectionHandlerID=Socket[addr=pc2.qatar.cmu.edu/86.36.46.144,port=50002,localport=51822]-4010435477522414173)
140923 173316.116|INFO|Thread-1|receiveUnencrypted|receiveUnencrypted Made a secret key for Socket[addr=pc2.qatar.cmu.edu/86.36.46.144,port=50002,localport=51822]-4010435477522414173 key is com.sun.crypto.provider.DESKey@fffe7981
140923 173316.117|INFO|Thread-1|getPublicKeyPacket|Generating Unencrypted Public Key Packet
140923 173316.118|INFO|Thread-1|getPublicKeyPacket|checking key:= SunJCE Diffie-Hellman Public Key:
y:
    09ee19de e8eb7147 3972e95f 214fee94 5ff42392 524b5457 9fee19b4 ca3304cd
    a1cebeb5 06f93636 e10496fd 673a3878 3cd8ff9b 95f34174 a1f3b0cd 5020699a
    199a0fb6 28e70675 9d1159e9 40b82314 90797e3b e93255b9 258d09ec d25d60a1
    c2f7095a 7a00dac8 6da50340 4ec6ba12 f11eff7b da0f9260 3638d2e4 b44ea001
p:
    f488fd58 4e49dbcd 20b49de4 9107366b 336c380d 451d0f7c 88b31c7c 5b2d8ef6
    f3c923c0 43f0a55b 188d8ebb 558cb85d 38d334fd 7c175743 a31d186c de33212c
    b52aff3c e1b12940 18118d7c 84a70a72 d686c403 19c80729 7aca950c d9969fab
    d00a509b 0246d308 3d66a45d 419f9c7c bd894b22 1926baab a25ec355 e92f78c7
g:
    02
l:
    512
140923 173316.119|INFO|Thread-1|getPublicKeyPacket|packet:= edu.csus.ecs.pc2.core.transport.TransportWrapper@36544253
