140906 181252.720|CONFIG|main|setFileHandlers|Now logging to C:\Users\Qasim\Documents\CMUQ WORK\Fall 2014\Competition Progg\pc2-9.2.3\bin\logs directory.
140906 181252.722|INFO|main|info|
140906 181252.728|INFO|main|info|Version 9.2.3 20120910 (Monday, September 10th 2012 16:20 UTC) Java ver 1.8.0_20 build 2565 Windows 7 6.1 (amd64) 
140906 181252.729|INFO|main|startLog|Working directory is C:\Users\Qasim\Documents\CMUQ WORK\Fall 2014\Competition Progg\pc2-9.2.3\bin
140906 181252.761|INFO|main|startLog|Process id is 7780@CHIKAANCOMPUTER
140906 181252.762|INFO|main|start|Starting ConnectionManager...
140906 181304.918|INFO|main|start|Started ConnectionManager
140906 181304.945|INFO|main|setClientServerAndPort|INI File location: file:/C:/Users/Qasim/Documents/CMUQ%20WORK/Fall%202014/Competition%20Progg/pc2-9.2.3/bin/pc2v9.ini
140906 181304.945|INFO|main|setClientServerAndPort|setClientServerAndPort pc2.qatar.cmu.edu parsed as pc2.qatar.cmu.edu port 50002
140906 181304.946|INFO|main|info|Contacting server at pc2.qatar.cmu.edu:50002
140906 181304.947|INFO|main|connectToMyServer|Connecting to pc2.qatar.cmu.edu:50002
140906 181307.227|INFO|Thread-1|receiveUnencrypted|receiveUnencrypted(TransportWrapper, ConnectionHandlerID=Socket[addr=pc2.qatar.cmu.edu/86.36.46.144,port=50002,localport=65286]--3144207096021769910)
140906 181309.185|INFO|Thread-1|receiveUnencrypted|receiveUnencrypted Made a secret key for Socket[addr=pc2.qatar.cmu.edu/86.36.46.144,port=50002,localport=65286]--3144207096021769910 key is com.sun.crypto.provider.DESKey@18ce4
140906 181309.186|INFO|Thread-1|getPublicKeyPacket|Generating Unencrypted Public Key Packet
140906 181309.187|INFO|Thread-1|getPublicKeyPacket|checking key:= SunJCE Diffie-Hellman Public Key:
y:
    4efd9520 e01325a7 4fb52a33 f988bbb2 8546435c 7b14b0d9 241ca3af be39d73f
    e0867628 2fa98986 3d37bae7 be2ea73c ec088609 4c086753 b1fe691c 30aeafd9
    eb35de04 8078b0ea 632b4345 b2ed5ce6 8aa83967 b2efe35d e547fe8a 1763b840
    a0707cb4 d06910a6 20f858ae 9fbcba47 79fd925c 78955257 0118178c e41cc6f3
p:
    f488fd58 4e49dbcd 20b49de4 9107366b 336c380d 451d0f7c 88b31c7c 5b2d8ef6
    f3c923c0 43f0a55b 188d8ebb 558cb85d 38d334fd 7c175743 a31d186c de33212c
    b52aff3c e1b12940 18118d7c 84a70a72 d686c403 19c80729 7aca950c d9969fab
    d00a509b 0246d308 3d66a45d 419f9c7c bd894b22 1926baab a25ec355 e92f78c7
g:
    02
l:
    512
140906 181309.187|INFO|Thread-1|getPublicKeyPacket|packet:= edu.csus.ecs.pc2.core.transport.TransportWrapper@6af6fb82
