140907 203245.381|CONFIG|main|setFileHandlers|Now logging to C:\Users\Qasim\Documents\CMUQ WORK\Fall 2014\Competition Progg\pc2-9.2.3\bin\logs directory.
140907 203245.383|INFO|main|info|
140907 203245.389|INFO|main|info|Version 9.2.3 20120910 (Monday, September 10th 2012 16:20 UTC) Java ver 1.8.0_20 build 2565 Windows 7 6.1 (amd64) 
140907 203245.390|INFO|main|startLog|Working directory is C:\Users\Qasim\Documents\CMUQ WORK\Fall 2014\Competition Progg\pc2-9.2.3\bin
140907 203245.404|INFO|main|startLog|Process id is 6184@CHIKAANCOMPUTER
140907 203245.405|INFO|main|start|Starting ConnectionManager...
140907 203257.260|INFO|main|start|Started ConnectionManager
140907 203257.264|INFO|main|setClientServerAndPort|INI File location: file:/C:/Users/Qasim/Documents/CMUQ%20WORK/Fall%202014/Competition%20Progg/pc2-9.2.3/bin/pc2v9.ini
140907 203257.264|INFO|main|setClientServerAndPort|setClientServerAndPort pc2.qatar.cmu.edu parsed as pc2.qatar.cmu.edu port 50002
140907 203257.264|INFO|main|info|Contacting server at pc2.qatar.cmu.edu:50002
140907 203257.266|INFO|main|connectToMyServer|Connecting to pc2.qatar.cmu.edu:50002
140907 203257.623|INFO|Thread-1|receiveUnencrypted|receiveUnencrypted(TransportWrapper, ConnectionHandlerID=Socket[addr=pc2.qatar.cmu.edu/86.36.46.144,port=50002,localport=51855]--3746065520187755902)
140907 203300.667|INFO|Thread-1|receiveUnencrypted|receiveUnencrypted Made a secret key for Socket[addr=pc2.qatar.cmu.edu/86.36.46.144,port=50002,localport=51855]--3746065520187755902 key is com.sun.crypto.provider.DESKey@18650
140907 203300.669|INFO|Thread-1|getPublicKeyPacket|Generating Unencrypted Public Key Packet
140907 203300.671|INFO|Thread-1|getPublicKeyPacket|checking key:= SunJCE Diffie-Hellman Public Key:
y:
    0ac810a3 0d97c928 875d8802 55114d5d 929a456f 67abfd24 5d04310b b1518120
    dd47c564 391d1d70 b9dfc365 742f82cd 8971a3d8 98f2e470 a15dee57 587bc0e4
    185b3df7 22824eaa 7e0d493a 6f6ab4b7 5f3f902f ab77ae8b fa3121f0 f633ff0c
    209ae6cf 0f4210d8 f8010a35 6730f3f6 36f76486 f69c9bd9 94369e82 2546cc19
p:
    f488fd58 4e49dbcd 20b49de4 9107366b 336c380d 451d0f7c 88b31c7c 5b2d8ef6
    f3c923c0 43f0a55b 188d8ebb 558cb85d 38d334fd 7c175743 a31d186c de33212c
    b52aff3c e1b12940 18118d7c 84a70a72 d686c403 19c80729 7aca950c d9969fab
    d00a509b 0246d308 3d66a45d 419f9c7c bd894b22 1926baab a25ec355 e92f78c7
g:
    02
l:
    512
140907 203300.672|INFO|Thread-1|getPublicKeyPacket|packet:= edu.csus.ecs.pc2.core.transport.TransportWrapper@11cd0ab3
