141109 190215.776|CONFIG|main|setFileHandlers|Now logging to C:\Users\Qasim\Documents\CMUQ WORK\Fall 2014\Competition Progg\pc2-9.2.3\bin\logs directory.
141109 190215.779|INFO|main|info|
141109 190215.784|INFO|main|info|Version 9.2.3 20120910 (Monday, September 10th 2012 16:20 UTC) Java ver 1.8.0_20 build 2565 Windows 7 6.1 (amd64) 
141109 190215.785|INFO|main|startLog|Working directory is C:\Users\Qasim\Documents\CMUQ WORK\Fall 2014\Competition Progg\pc2-9.2.3\bin
141109 190215.820|INFO|main|startLog|Process id is 10136@CHIKAANCOMPUTER
141109 190215.820|INFO|main|start|Starting ConnectionManager...
141109 190228.854|INFO|main|start|Started ConnectionManager
141109 190228.879|INFO|main|setClientServerAndPort|INI File location: file:/C:/Users/Qasim/Documents/CMUQ%20WORK/Fall%202014/Competition%20Progg/pc2-9.2.3/bin/pc2v9.ini
141109 190228.880|INFO|main|setClientServerAndPort|setClientServerAndPort pc2.qatar.cmu.edu parsed as pc2.qatar.cmu.edu port 50002
141109 190228.880|INFO|main|info|Contacting server at pc2.qatar.cmu.edu:50002
141109 190228.881|INFO|main|connectToMyServer|Connecting to pc2.qatar.cmu.edu:50002
141109 190229.448|INFO|Thread-1|receiveUnencrypted|receiveUnencrypted(TransportWrapper, ConnectionHandlerID=Socket[addr=pc2.qatar.cmu.edu/86.36.46.144,port=50002,localport=61481]--8215694977131764676)
141109 190235.291|INFO|Thread-1|receiveUnencrypted|receiveUnencrypted Made a secret key for Socket[addr=pc2.qatar.cmu.edu/86.36.46.144,port=50002,localport=61481]--8215694977131764676 key is com.sun.crypto.provider.DESKey@fffe7eb9
141109 190235.292|INFO|Thread-1|getPublicKeyPacket|Generating Unencrypted Public Key Packet
141109 190235.293|INFO|Thread-1|getPublicKeyPacket|checking key:= SunJCE Diffie-Hellman Public Key:
y:
    6bf56b87 12737587 58215843 f23161e6 588b7333 7af6904d d37f28ee 9005bee5
    61b0314a 0a3b08ac a58b0a73 f335dd66 df5c78e1 f665bfd9 9b91ae52 274fbe44
    1c696977 c6845905 3d4fcef3 ff172dbb e91fec91 c03efbc7 77a28183 cd5dc812
    0e0f9aaa 5cdf684d 5cea456b 74e361ff 7fdead3f 0a02b2dc 2d7af435 16d1ac8c
p:
    f488fd58 4e49dbcd 20b49de4 9107366b 336c380d 451d0f7c 88b31c7c 5b2d8ef6
    f3c923c0 43f0a55b 188d8ebb 558cb85d 38d334fd 7c175743 a31d186c de33212c
    b52aff3c e1b12940 18118d7c 84a70a72 d686c403 19c80729 7aca950c d9969fab
    d00a509b 0246d308 3d66a45d 419f9c7c bd894b22 1926baab a25ec355 e92f78c7
g:
    02
l:
    512
141109 190235.293|INFO|Thread-1|getPublicKeyPacket|packet:= edu.csus.ecs.pc2.core.transport.TransportWrapper@8272934
