141102 191955.142|CONFIG|main|setFileHandlers|Now logging to C:\Users\Qasim\Documents\CMUQ WORK\Fall 2014\Competition Progg\pc2-9.2.3\bin\logs directory.
141102 191955.177|INFO|main|info|
141102 191955.281|INFO|main|info|Version 9.2.3 20120910 (Monday, September 10th 2012 16:20 UTC) Java ver 1.8.0_20 build 2565 Windows 7 6.1 (amd64) 
141102 191955.283|INFO|main|startLog|Working directory is C:\Users\Qasim\Documents\CMUQ WORK\Fall 2014\Competition Progg\pc2-9.2.3\bin
141102 191955.463|INFO|main|startLog|Process id is 7056@CHIKAANCOMPUTER
141102 191955.464|INFO|main|start|Starting ConnectionManager...
141102 192013.483|INFO|main|start|Started ConnectionManager
141102 192013.507|INFO|main|setClientServerAndPort|INI File location: file:/C:/Users/Qasim/Documents/CMUQ%20WORK/Fall%202014/Competition%20Progg/pc2-9.2.3/bin/pc2v9.ini
141102 192013.508|INFO|main|setClientServerAndPort|setClientServerAndPort pc2.qatar.cmu.edu parsed as pc2.qatar.cmu.edu port 50002
141102 192013.508|INFO|main|info|Contacting server at pc2.qatar.cmu.edu:50002
141102 192013.509|INFO|main|connectToMyServer|Connecting to pc2.qatar.cmu.edu:50002
141102 192014.003|INFO|Thread-1|receiveUnencrypted|receiveUnencrypted(TransportWrapper, ConnectionHandlerID=Socket[addr=pc2.qatar.cmu.edu/86.36.46.144,port=50002,localport=51989]--1632053366736901202)
141102 192014.627|INFO|Thread-1|receiveUnencrypted|receiveUnencrypted Made a secret key for Socket[addr=pc2.qatar.cmu.edu/86.36.46.144,port=50002,localport=51989]--1632053366736901202 key is com.sun.crypto.provider.DESKey@fffe790b
141102 192014.628|INFO|Thread-1|getPublicKeyPacket|Generating Unencrypted Public Key Packet
141102 192014.630|INFO|Thread-1|getPublicKeyPacket|checking key:= SunJCE Diffie-Hellman Public Key:
y:
    c200810b c9f539a9 cdd4eb85 85e0e614 beddabc2 ab6ddd44 a5eccd74 5b565723
    98485bbe 9ee6848e 474d9f0e 08b51cf9 2c06abd0 bab4912d 70f85816 eca6968f
    074bba26 0cf33356 23c57d07 e3078c23 39fee905 9e573c57 ab2945c2 4bfe3c48
    671a4fe3 00573074 8d840a4c f7f0cc55 a7ae74e2 ea5480d8 84c6b2bf 153f9797
p:
    f488fd58 4e49dbcd 20b49de4 9107366b 336c380d 451d0f7c 88b31c7c 5b2d8ef6
    f3c923c0 43f0a55b 188d8ebb 558cb85d 38d334fd 7c175743 a31d186c de33212c
    b52aff3c e1b12940 18118d7c 84a70a72 d686c403 19c80729 7aca950c d9969fab
    d00a509b 0246d308 3d66a45d 419f9c7c bd894b22 1926baab a25ec355 e92f78c7
g:
    02
l:
    512
141102 192014.630|INFO|Thread-1|getPublicKeyPacket|packet:= edu.csus.ecs.pc2.core.transport.TransportWrapper@8272934
