141201 112322.003|CONFIG|main|setFileHandlers|Now logging to C:\Users\Qasim\Documents\CMUQ WORK\Fall 2014\Competition Progg\pc2-9.2.3\bin\logs directory.
141201 112322.013|INFO|main|info|
141201 112322.042|INFO|main|info|Version 9.2.3 20120910 (Monday, September 10th 2012 16:20 UTC) Java ver 1.8.0_20 build 2565 Windows 7 6.1 (amd64) 
141201 112322.043|INFO|main|startLog|Working directory is C:\Users\Qasim\Documents\CMUQ WORK\Fall 2014\Competition Progg\pc2-9.2.3\bin
141201 112322.278|INFO|main|startLog|Process id is 5864@CHIKAANCOMPUTER
141201 112322.278|INFO|main|start|Starting ConnectionManager...
141201 112335.965|INFO|main|start|Started ConnectionManager
141201 112335.984|INFO|main|setClientServerAndPort|INI File location: file:/C:/Users/Qasim/Documents/CMUQ%20WORK/Fall%202014/Competition%20Progg/pc2-9.2.3/bin/pc2v9.ini
141201 112335.985|INFO|main|setClientServerAndPort|setClientServerAndPort pc2.qatar.cmu.edu parsed as pc2.qatar.cmu.edu port 50002
141201 112335.985|INFO|main|info|Contacting server at pc2.qatar.cmu.edu:50002
141201 112335.987|INFO|main|connectToMyServer|Connecting to pc2.qatar.cmu.edu:50002
141201 112337.362|INFO|Thread-1|receiveUnencrypted|receiveUnencrypted(TransportWrapper, ConnectionHandlerID=Socket[addr=pc2.qatar.cmu.edu/86.36.46.144,port=50002,localport=59589]--6979588939786592323)
141201 112341.238|INFO|Thread-1|receiveUnencrypted|receiveUnencrypted Made a secret key for Socket[addr=pc2.qatar.cmu.edu/86.36.46.144,port=50002,localport=59589]--6979588939786592323 key is com.sun.crypto.provider.DESKey@1857c
141201 112341.241|INFO|Thread-1|getPublicKeyPacket|Generating Unencrypted Public Key Packet
141201 112341.243|INFO|Thread-1|getPublicKeyPacket|checking key:= SunJCE Diffie-Hellman Public Key:
y:
    a77d87d4 8322c760 a253e7cc f1745580 489cef6a a32a04f0 5d5079bd e42be6cb
    08b35ec3 21edea1d 9b418314 48337b91 3e29c31b 9848e62c f6086cda 1223c69b
    5765b4e0 6dd68010 30121940 7e8677a7 0b455084 782d6d17 28d0065c bc09f1f8
    a1d4bd5b d3607c0d 6a3cd2b7 7c59723f 5464878f eea17216 78a947b7 d2d27510
p:
    f488fd58 4e49dbcd 20b49de4 9107366b 336c380d 451d0f7c 88b31c7c 5b2d8ef6
    f3c923c0 43f0a55b 188d8ebb 558cb85d 38d334fd 7c175743 a31d186c de33212c
    b52aff3c e1b12940 18118d7c 84a70a72 d686c403 19c80729 7aca950c d9969fab
    d00a509b 0246d308 3d66a45d 419f9c7c bd894b22 1926baab a25ec355 e92f78c7
g:
    02
l:
    512
141201 112341.245|INFO|Thread-1|getPublicKeyPacket|packet:= edu.csus.ecs.pc2.core.transport.TransportWrapper@1c6dd471
