140831 155641.592|CONFIG|main|setFileHandlers|Now logging to C:\Users\Qasim\Documents\CMUQ WORK\Fall 2014\Competition Progg\pc2-9.2.3\bin\logs directory.
140831 155641.595|INFO|main|info|
140831 155641.600|INFO|main|info|Version 9.2.3 20120910 (Monday, September 10th 2012 16:20 UTC) Java ver 1.8.0_20 build 2565 Windows 7 6.1 (amd64) 
140831 155641.601|INFO|main|startLog|Working directory is C:\Users\Qasim\Documents\CMUQ WORK\Fall 2014\Competition Progg\pc2-9.2.3\bin
140831 155641.617|INFO|main|startLog|Process id is 9028@CHIKAANCOMPUTER
140831 155641.618|INFO|main|start|Starting ConnectionManager...
140831 155652.928|INFO|main|start|Started ConnectionManager
140831 155652.931|INFO|main|setClientServerAndPort|INI File location: file:/C:/Users/Qasim/Documents/CMUQ%20WORK/Fall%202014/Competition%20Progg/pc2-9.2.3/bin/pc2v9.ini
140831 155652.931|INFO|main|setClientServerAndPort|setClientServerAndPort pc2.qatar.cmu.edu parsed as pc2.qatar.cmu.edu port 50002
140831 155652.932|INFO|main|info|Contacting server at pc2.qatar.cmu.edu:50002
140831 155652.932|INFO|main|connectToMyServer|Connecting to pc2.qatar.cmu.edu:50002
140831 155653.169|INFO|Thread-1|receiveUnencrypted|receiveUnencrypted(TransportWrapper, ConnectionHandlerID=Socket[addr=pc2.qatar.cmu.edu/86.36.46.144,port=50002,localport=60166]-1486691405536179141)
140831 155653.346|INFO|Thread-1|receiveUnencrypted|receiveUnencrypted Made a secret key for Socket[addr=pc2.qatar.cmu.edu/86.36.46.144,port=50002,localport=60166]-1486691405536179141 key is com.sun.crypto.provider.DESKey@fffe7f69
140831 155653.346|INFO|Thread-1|getPublicKeyPacket|Generating Unencrypted Public Key Packet
140831 155653.349|INFO|Thread-1|getPublicKeyPacket|checking key:= SunJCE Diffie-Hellman Public Key:
y:
    49a6ebf8 2afc04a3 d38bcb94 bc7a894b a51f9080 6aed161a b2765fee 04fab2bd
    3fd3917d 87e543f5 64e539cf 990a554f c57925cc d1f19fca 3e4f0beb a91c0b95
    844cc1fc 6254d54a 0eea3f71 713a24e5 613905f2 984ac696 045322f0 d87e713b
    4ceddc24 37a3f6a7 6d2f5be1 490c97fd 724e25ac ee9f5bb9 f488def1 fe731228
p:
    f488fd58 4e49dbcd 20b49de4 9107366b 336c380d 451d0f7c 88b31c7c 5b2d8ef6
    f3c923c0 43f0a55b 188d8ebb 558cb85d 38d334fd 7c175743 a31d186c de33212c
    b52aff3c e1b12940 18118d7c 84a70a72 d686c403 19c80729 7aca950c d9969fab
    d00a509b 0246d308 3d66a45d 419f9c7c bd894b22 1926baab a25ec355 e92f78c7
g:
    02
l:
    512
140831 155653.350|INFO|Thread-1|getPublicKeyPacket|packet:= edu.csus.ecs.pc2.core.transport.TransportWrapper@2df7d903
