141105 155056.813|CONFIG|main|setFileHandlers|Now logging to C:\Users\Qasim\Documents\CMUQ WORK\Fall 2014\Competition Progg\pc2-9.2.3\bin\logs directory.
141105 155056.816|INFO|main|info|
141105 155056.821|INFO|main|info|Version 9.2.3 20120910 (Monday, September 10th 2012 16:20 UTC) Java ver 1.8.0_20 build 2565 Windows 7 6.1 (amd64) 
141105 155056.822|INFO|main|startLog|Working directory is C:\Users\Qasim\Documents\CMUQ WORK\Fall 2014\Competition Progg\pc2-9.2.3\bin
141105 155056.921|INFO|main|startLog|Process id is 6992@CHIKAANCOMPUTER
141105 155056.921|INFO|main|start|Starting ConnectionManager...
141105 155110.164|INFO|main|start|Started ConnectionManager
141105 155110.189|INFO|main|setClientServerAndPort|INI File location: file:/C:/Users/Qasim/Documents/CMUQ%20WORK/Fall%202014/Competition%20Progg/pc2-9.2.3/bin/pc2v9.ini
141105 155110.189|INFO|main|setClientServerAndPort|setClientServerAndPort pc2.qatar.cmu.edu parsed as pc2.qatar.cmu.edu port 50002
141105 155110.189|INFO|main|info|Contacting server at pc2.qatar.cmu.edu:50002
141105 155110.190|INFO|main|connectToMyServer|Connecting to pc2.qatar.cmu.edu:50002
141105 155112.534|INFO|Thread-1|receiveUnencrypted|receiveUnencrypted(TransportWrapper, ConnectionHandlerID=Socket[addr=pc2.qatar.cmu.edu/86.36.46.144,port=50002,localport=55028]-3982316411005464455)
141105 155123.626|INFO|Thread-1|receiveUnencrypted|receiveUnencrypted Made a secret key for Socket[addr=pc2.qatar.cmu.edu/86.36.46.144,port=50002,localport=55028]-3982316411005464455 key is com.sun.crypto.provider.DESKey@fffe7948
141105 155123.628|INFO|Thread-1|getPublicKeyPacket|Generating Unencrypted Public Key Packet
141105 155123.630|INFO|Thread-1|getPublicKeyPacket|checking key:= SunJCE Diffie-Hellman Public Key:
y:
    2f245df2 aa832b1e f341463e 30d00af2 d41c7dfe 5cb530fb fee4876b 20f687aa
    733683f8 8174b7d9 8a2b31e8 b57674a9 197a5018 381dfd44 500fac05 44ff26a0
    27e4105d ead2ebb1 4e0d946b d1de802e 85791942 a2ce3b0b fce7fd30 619ba1ac
    43c19ba6 d2adc9a8 0163f9e5 6bf12292 07661064 6c1e290e a4e96788 2e33320a
p:
    f488fd58 4e49dbcd 20b49de4 9107366b 336c380d 451d0f7c 88b31c7c 5b2d8ef6
    f3c923c0 43f0a55b 188d8ebb 558cb85d 38d334fd 7c175743 a31d186c de33212c
    b52aff3c e1b12940 18118d7c 84a70a72 d686c403 19c80729 7aca950c d9969fab
    d00a509b 0246d308 3d66a45d 419f9c7c bd894b22 1926baab a25ec355 e92f78c7
g:
    02
l:
    512
141105 155123.631|INFO|Thread-1|getPublicKeyPacket|packet:= edu.csus.ecs.pc2.core.transport.TransportWrapper@1c6dd471
