140925 142722.811|CONFIG|main|setFileHandlers|Now logging to C:\Users\Qasim\Documents\CMUQ WORK\Fall 2014\Competition Progg\pc2-9.2.3\bin\logs directory.
140925 142722.813|INFO|main|info|
140925 142722.819|INFO|main|info|Version 9.2.3 20120910 (Monday, September 10th 2012 16:20 UTC) Java ver 1.8.0_20 build 2565 Windows 7 6.1 (amd64) 
140925 142722.820|INFO|main|startLog|Working directory is C:\Users\Qasim\Documents\CMUQ WORK\Fall 2014\Competition Progg\pc2-9.2.3\bin
140925 142722.834|INFO|main|startLog|Process id is 6640@CHIKAANCOMPUTER
140925 142722.834|INFO|main|start|Starting ConnectionManager...
140925 142735.751|INFO|main|start|Started ConnectionManager
140925 142735.771|INFO|main|setClientServerAndPort|INI File location: file:/C:/Users/Qasim/Documents/CMUQ%20WORK/Fall%202014/Competition%20Progg/pc2-9.2.3/bin/pc2v9.ini
140925 142735.771|INFO|main|setClientServerAndPort|setClientServerAndPort pc2.qatar.cmu.edu parsed as pc2.qatar.cmu.edu port 50002
140925 142735.772|INFO|main|info|Contacting server at pc2.qatar.cmu.edu:50002
140925 142735.773|INFO|main|connectToMyServer|Connecting to pc2.qatar.cmu.edu:50002
140925 142736.474|INFO|Thread-1|receiveUnencrypted|receiveUnencrypted(TransportWrapper, ConnectionHandlerID=Socket[addr=pc2.qatar.cmu.edu/86.36.46.144,port=50002,localport=60720]--2302323638866064914)
140925 142737.365|INFO|Thread-1|receiveUnencrypted|receiveUnencrypted Made a secret key for Socket[addr=pc2.qatar.cmu.edu/86.36.46.144,port=50002,localport=60720]--2302323638866064914 key is com.sun.crypto.provider.DESKey@fffe7914
140925 142737.366|INFO|Thread-1|getPublicKeyPacket|Generating Unencrypted Public Key Packet
140925 142737.368|INFO|Thread-1|getPublicKeyPacket|checking key:= SunJCE Diffie-Hellman Public Key:
y:
    1ed77cf3 03b3f409 db46d471 c5f2efc9 c643bdec 81637d4b ec0d4e03 47fa3723
    1801d849 367ee772 ace80048 33ebf3fd 1e024c66 f9cfc736 30bea846 7cbaa7bb
    15e2e87d 736c2379 7bcdda27 aa1aeb59 758fe92f 70518cb2 d5363fcf 58779710
    5dd37209 556a0b07 225356dc 8924ea8e e48e29cc 9f2e7b28 88fe7296 41af8074
p:
    f488fd58 4e49dbcd 20b49de4 9107366b 336c380d 451d0f7c 88b31c7c 5b2d8ef6
    f3c923c0 43f0a55b 188d8ebb 558cb85d 38d334fd 7c175743 a31d186c de33212c
    b52aff3c e1b12940 18118d7c 84a70a72 d686c403 19c80729 7aca950c d9969fab
    d00a509b 0246d308 3d66a45d 419f9c7c bd894b22 1926baab a25ec355 e92f78c7
g:
    02
l:
    512
140925 142737.368|INFO|Thread-1|getPublicKeyPacket|packet:= edu.csus.ecs.pc2.core.transport.TransportWrapper@6af6fb82
