140901 002656.414|CONFIG|main|setFileHandlers|Now logging to C:\Users\Qasim\Documents\CMUQ WORK\Fall 2014\Competition Progg\pc2-9.2.3\bin\logs directory.
140901 002656.414|INFO|main|info|
140901 002656.414|INFO|main|info|Version 9.2.3 20120910 (Monday, September 10th 2012 16:20 UTC) Java ver 1.8.0_20 build 2565 Windows 7 6.1 (amd64) 
140901 002656.414|INFO|main|startLog|Working directory is C:\Users\Qasim\Documents\CMUQ WORK\Fall 2014\Competition Progg\pc2-9.2.3\bin
140901 002656.445|INFO|main|startLog|Process id is 2596@CHIKAANCOMPUTER
140901 002656.445|INFO|main|start|Starting ConnectionManager...
140901 002707.973|INFO|main|start|Started ConnectionManager
140901 002707.973|INFO|main|setClientServerAndPort|INI File location: file:/C:/Users/Qasim/Documents/CMUQ%20WORK/Fall%202014/Competition%20Progg/pc2-9.2.3/bin/pc2v9.ini
140901 002707.973|INFO|main|setClientServerAndPort|setClientServerAndPort pc2.qatar.cmu.edu parsed as pc2.qatar.cmu.edu port 50002
140901 002707.973|INFO|main|info|Contacting server at pc2.qatar.cmu.edu:50002
140901 002707.973|INFO|main|connectToMyServer|Connecting to pc2.qatar.cmu.edu:50002
140901 002709.626|INFO|Thread-1|receiveUnencrypted|receiveUnencrypted(TransportWrapper, ConnectionHandlerID=Socket[addr=pc2.qatar.cmu.edu/86.36.46.144,port=50002,localport=49180]--859999970232183751)
140901 002709.845|INFO|Thread-1|receiveUnencrypted|receiveUnencrypted Made a secret key for Socket[addr=pc2.qatar.cmu.edu/86.36.46.144,port=50002,localport=49180]--859999970232183751 key is com.sun.crypto.provider.DESKey@18345
140901 002709.845|INFO|Thread-1|getPublicKeyPacket|Generating Unencrypted Public Key Packet
140901 002709.845|INFO|Thread-1|getPublicKeyPacket|checking key:= SunJCE Diffie-Hellman Public Key:
y:
    8f903ef6 e2e2b272 efe820a8 d5968822 46f1b4b2 95591405 1c0ceb20 c4543191
    8b8dc0d0 6534c114 8e0056cd b1abdc9d 834f3801 4fba3a8e 60e292a5 3185a2c9
    6fa3a8bf 5b05b89c 75d62a3d 82ee21ec b6977c57 d6940bec 7a20da40 5076d31e
    17e8e1ba cd1fa188 60f0804a cdbb749d b0dbf8f9 4670af3c d84cb059 e467b517
p:
    f488fd58 4e49dbcd 20b49de4 9107366b 336c380d 451d0f7c 88b31c7c 5b2d8ef6
    f3c923c0 43f0a55b 188d8ebb 558cb85d 38d334fd 7c175743 a31d186c de33212c
    b52aff3c e1b12940 18118d7c 84a70a72 d686c403 19c80729 7aca950c d9969fab
    d00a509b 0246d308 3d66a45d 419f9c7c bd894b22 1926baab a25ec355 e92f78c7
g:
    02
l:
    512
140901 002709.845|INFO|Thread-1|getPublicKeyPacket|packet:= edu.csus.ecs.pc2.core.transport.TransportWrapper@2d1d61eb
