140916 105510.177|CONFIG|main|setFileHandlers|Now logging to C:\Users\Qasim\Documents\CMUQ WORK\Fall 2014\Competition Progg\pc2-9.2.3\bin\logs directory.
140916 105510.179|INFO|main|info|
140916 105510.184|INFO|main|info|Version 9.2.3 20120910 (Monday, September 10th 2012 16:20 UTC) Java ver 1.8.0_20 build 2565 Windows 7 6.1 (amd64) 
140916 105510.185|INFO|main|startLog|Working directory is C:\Users\Qasim\Documents\CMUQ WORK\Fall 2014\Competition Progg\pc2-9.2.3\bin
140916 105510.198|INFO|main|startLog|Process id is 4552@CHIKAANCOMPUTER
140916 105510.199|INFO|main|start|Starting ConnectionManager...
140916 105522.318|INFO|main|start|Started ConnectionManager
140916 105522.321|INFO|main|setClientServerAndPort|INI File location: file:/C:/Users/Qasim/Documents/CMUQ%20WORK/Fall%202014/Competition%20Progg/pc2-9.2.3/bin/pc2v9.ini
140916 105522.327|INFO|main|setClientServerAndPort|setClientServerAndPort pc2.qatar.cmu.edu parsed as pc2.qatar.cmu.edu port 50002
140916 105522.328|INFO|main|info|Contacting server at pc2.qatar.cmu.edu:50002
140916 105522.330|INFO|main|connectToMyServer|Connecting to pc2.qatar.cmu.edu:50002
140916 105522.608|INFO|Thread-1|receiveUnencrypted|receiveUnencrypted(TransportWrapper, ConnectionHandlerID=Socket[addr=pc2.qatar.cmu.edu/86.36.46.144,port=50002,localport=52906]-1271668726626405011)
140916 105522.797|INFO|Thread-1|receiveUnencrypted|receiveUnencrypted Made a secret key for Socket[addr=pc2.qatar.cmu.edu/86.36.46.144,port=50002,localport=52906]-1271668726626405011 key is com.sun.crypto.provider.DESKey@fffe7a56
140916 105522.797|INFO|Thread-1|getPublicKeyPacket|Generating Unencrypted Public Key Packet
140916 105522.802|INFO|Thread-1|getPublicKeyPacket|checking key:= SunJCE Diffie-Hellman Public Key:
y:
    50157607 376e49b2 8a4425fa 7e015e32 1e0ed854 ce7837ee eb85e957 badecb0d
    be7b0614 35c7dae9 f8d8d856 ad3bbffc df27d5e9 44c48a34 c4ab713c 638441dc
    9d7b4c31 945ede44 96de20ff 3df9630b ce5d4aae 23975cda 588f01f7 3d6f1f28
    8040f7c6 12f966cc a5583ce2 5df6a5b4 213153c9 a40282ce 8ca81aea 1be13f93
p:
    f488fd58 4e49dbcd 20b49de4 9107366b 336c380d 451d0f7c 88b31c7c 5b2d8ef6
    f3c923c0 43f0a55b 188d8ebb 558cb85d 38d334fd 7c175743 a31d186c de33212c
    b52aff3c e1b12940 18118d7c 84a70a72 d686c403 19c80729 7aca950c d9969fab
    d00a509b 0246d308 3d66a45d 419f9c7c bd894b22 1926baab a25ec355 e92f78c7
g:
    02
l:
    512
140916 105522.803|INFO|Thread-1|getPublicKeyPacket|packet:= edu.csus.ecs.pc2.core.transport.TransportWrapper@586f3908
