140922 112027.291|CONFIG|main|setFileHandlers|Now logging to C:\Users\Qasim\Documents\CMUQ WORK\Fall 2014\Competition Progg\pc2-9.2.3\bin\logs directory.
140922 112027.294|INFO|main|info|
140922 112027.299|INFO|main|info|Version 9.2.3 20120910 (Monday, September 10th 2012 16:20 UTC) Java ver 1.8.0_20 build 2565 Windows 7 6.1 (amd64) 
140922 112027.300|INFO|main|startLog|Working directory is C:\Users\Qasim\Documents\CMUQ WORK\Fall 2014\Competition Progg\pc2-9.2.3\bin
140922 112027.317|INFO|main|startLog|Process id is 4708@CHIKAANCOMPUTER
140922 112027.317|INFO|main|start|Starting ConnectionManager...
140922 112039.594|INFO|main|start|Started ConnectionManager
140922 112039.601|INFO|main|setClientServerAndPort|INI File location: file:/C:/Users/Qasim/Documents/CMUQ%20WORK/Fall%202014/Competition%20Progg/pc2-9.2.3/bin/pc2v9.ini
140922 112039.602|INFO|main|setClientServerAndPort|setClientServerAndPort pc2.qatar.cmu.edu parsed as pc2.qatar.cmu.edu port 50002
140922 112039.602|INFO|main|info|Contacting server at pc2.qatar.cmu.edu:50002
140922 112039.603|INFO|main|connectToMyServer|Connecting to pc2.qatar.cmu.edu:50002
140922 112039.843|INFO|Thread-1|receiveUnencrypted|receiveUnencrypted(TransportWrapper, ConnectionHandlerID=Socket[addr=pc2.qatar.cmu.edu/86.36.46.144,port=50002,localport=59780]--56641360329561313)
140922 112040.025|INFO|Thread-1|receiveUnencrypted|receiveUnencrypted Made a secret key for Socket[addr=pc2.qatar.cmu.edu/86.36.46.144,port=50002,localport=59780]--56641360329561313 key is com.sun.crypto.provider.DESKey@18005
140922 112040.025|INFO|Thread-1|getPublicKeyPacket|Generating Unencrypted Public Key Packet
140922 112040.028|INFO|Thread-1|getPublicKeyPacket|checking key:= SunJCE Diffie-Hellman Public Key:
y:
    db2b03c7 63cb285d d3c4938d cb42181c c1346e01 2ba5b278 f3d6aef9 17c2f5eb
    ad40bbf9 73d17da3 3f4da439 84eba3a3 9f823938 2dd03c07 1f3ee3fe 3cf9a9e9
    27961c77 f70ebee9 346ebfd7 21711ab9 4e3f4db3 e44b8c12 8e4e8c8e d8cfe00f
    f29d7a01 67392464 ffd5c6f6 0102a421 567afb76 70a4963d 1df1f044 99ce73
p:
    f488fd58 4e49dbcd 20b49de4 9107366b 336c380d 451d0f7c 88b31c7c 5b2d8ef6
    f3c923c0 43f0a55b 188d8ebb 558cb85d 38d334fd 7c175743 a31d186c de33212c
    b52aff3c e1b12940 18118d7c 84a70a72 d686c403 19c80729 7aca950c d9969fab
    d00a509b 0246d308 3d66a45d 419f9c7c bd894b22 1926baab a25ec355 e92f78c7
g:
    02
l:
    512
140922 112040.028|INFO|Thread-1|getPublicKeyPacket|packet:= edu.csus.ecs.pc2.core.transport.TransportWrapper@8272934
