140831 142351.103|CONFIG|main|setFileHandlers|Now logging to C:\Users\Qasim\Documents\CMUQ WORK\Fall 2014\Competition Progg\pc2-9.2.3\bin\logs directory.
140831 142351.105|INFO|main|info|
140831 142351.112|INFO|main|info|Version 9.2.3 20120910 (Monday, September 10th 2012 16:20 UTC) Java ver 1.8.0_20 build 2565 Windows 7 6.1 (amd64) 
140831 142351.112|INFO|main|startLog|Working directory is C:\Users\Qasim\Documents\CMUQ WORK\Fall 2014\Competition Progg\pc2-9.2.3\bin
140831 142351.128|INFO|main|startLog|Process id is 7140@CHIKAANCOMPUTER
140831 142351.129|INFO|main|start|Starting ConnectionManager...
140831 142402.934|INFO|main|start|Started ConnectionManager
140831 142402.940|INFO|main|setClientServerAndPort|INI File location: file:/C:/Users/Qasim/Documents/CMUQ%20WORK/Fall%202014/Competition%20Progg/pc2-9.2.3/bin/pc2v9.ini
140831 142402.940|INFO|main|setClientServerAndPort|setClientServerAndPort pc2.qatar.cmu.edu parsed as pc2.qatar.cmu.edu port 50002
140831 142402.941|INFO|main|info|Contacting server at pc2.qatar.cmu.edu:50002
140831 142402.942|INFO|main|connectToMyServer|Connecting to pc2.qatar.cmu.edu:50002
140831 142403.211|INFO|Thread-1|receiveUnencrypted|receiveUnencrypted(TransportWrapper, ConnectionHandlerID=Socket[addr=pc2.qatar.cmu.edu/86.36.46.144,port=50002,localport=59612]--3315299752009673755)
140831 142403.389|INFO|Thread-1|receiveUnencrypted|receiveUnencrypted Made a secret key for Socket[addr=pc2.qatar.cmu.edu/86.36.46.144,port=50002,localport=59612]--3315299752009673755 key is com.sun.crypto.provider.DESKey@18407
140831 142403.389|INFO|Thread-1|getPublicKeyPacket|Generating Unencrypted Public Key Packet
140831 142403.390|INFO|Thread-1|getPublicKeyPacket|checking key:= SunJCE Diffie-Hellman Public Key:
y:
    151d86f5 6d568e7e 88cd3d3c 66add06f 6d7a621a ce06f7f3 9c80d5de 65273713
    e9087cc7 9dc2c88b 067e5ca3 58e5ac50 781cfb02 6b94cff2 7b098a36 aa44a88d
    0bdc3460 b99d8de0 1332e9f1 65ac7b7a 514a17cf 458494ac 157d38fc ab821c6e
    a967a775 d1489bbb 004d11da b09bd6e3 4989fc63 62c766a5 0af63ea1 821077f7
p:
    f488fd58 4e49dbcd 20b49de4 9107366b 336c380d 451d0f7c 88b31c7c 5b2d8ef6
    f3c923c0 43f0a55b 188d8ebb 558cb85d 38d334fd 7c175743 a31d186c de33212c
    b52aff3c e1b12940 18118d7c 84a70a72 d686c403 19c80729 7aca950c d9969fab
    d00a509b 0246d308 3d66a45d 419f9c7c bd894b22 1926baab a25ec355 e92f78c7
g:
    02
l:
    512
140831 142403.391|INFO|Thread-1|getPublicKeyPacket|packet:= edu.csus.ecs.pc2.core.transport.TransportWrapper@306541df
