140902 031823.965|CONFIG|main|setFileHandlers|Now logging to C:\Users\Qasim\Documents\CMUQ WORK\Fall 2014\Competition Progg\pc2-9.2.3\bin\logs directory.
140902 031823.968|INFO|main|info|
140902 031823.973|INFO|main|info|Version 9.2.3 20120910 (Monday, September 10th 2012 16:20 UTC) Java ver 1.8.0_20 build 2565 Windows 7 6.1 (amd64) 
140902 031823.974|INFO|main|startLog|Working directory is C:\Users\Qasim\Documents\CMUQ WORK\Fall 2014\Competition Progg\pc2-9.2.3\bin
140902 031823.989|INFO|main|startLog|Process id is 2964@CHIKAANCOMPUTER
140902 031823.989|INFO|main|start|Starting ConnectionManager...
140902 031836.432|INFO|main|start|Started ConnectionManager
140902 031836.439|INFO|main|setClientServerAndPort|INI File location: file:/C:/Users/Qasim/Documents/CMUQ%20WORK/Fall%202014/Competition%20Progg/pc2-9.2.3/bin/pc2v9.ini
140902 031836.439|INFO|main|setClientServerAndPort|setClientServerAndPort pc2.qatar.cmu.edu parsed as pc2.qatar.cmu.edu port 50002
140902 031836.439|INFO|main|info|Contacting server at pc2.qatar.cmu.edu:50002
140902 031836.441|INFO|main|connectToMyServer|Connecting to pc2.qatar.cmu.edu:50002
140902 031836.709|INFO|Thread-1|receiveUnencrypted|receiveUnencrypted(TransportWrapper, ConnectionHandlerID=Socket[addr=pc2.qatar.cmu.edu/86.36.46.144,port=50002,localport=54113]--460845505947170342)
140902 031836.908|INFO|Thread-1|receiveUnencrypted|receiveUnencrypted Made a secret key for Socket[addr=pc2.qatar.cmu.edu/86.36.46.144,port=50002,localport=54113]--460845505947170342 key is com.sun.crypto.provider.DESKey@18304
140902 031836.909|INFO|Thread-1|getPublicKeyPacket|Generating Unencrypted Public Key Packet
140902 031836.922|INFO|Thread-1|getPublicKeyPacket|checking key:= SunJCE Diffie-Hellman Public Key:
y:
    b7cdfee0 934bf485 0273d9ed 33966886 16d743a8 ff28ed94 fbdda22e a6b7fd38
    399c9bc4 007a0864 b9b7312e 0e066dc4 2540e1f7 2a63320f 9a8d1164 923f609d
    1d06fc5d 340c2be2 7ef2a020 cc265e49 c2e23a5d 83f014ae bbbeaffe 023ba826
    b8826f71 65318234 d8ff9876 e72f3d77 69c6f71a bb7d7fad 4a2a46ad 77ae7a53
p:
    f488fd58 4e49dbcd 20b49de4 9107366b 336c380d 451d0f7c 88b31c7c 5b2d8ef6
    f3c923c0 43f0a55b 188d8ebb 558cb85d 38d334fd 7c175743 a31d186c de33212c
    b52aff3c e1b12940 18118d7c 84a70a72 d686c403 19c80729 7aca950c d9969fab
    d00a509b 0246d308 3d66a45d 419f9c7c bd894b22 1926baab a25ec355 e92f78c7
g:
    02
l:
    512
140902 031836.923|INFO|Thread-1|getPublicKeyPacket|packet:= edu.csus.ecs.pc2.core.transport.TransportWrapper@8272934
