140909 145913.411|CONFIG|main|setFileHandlers|Now logging to C:\Users\Qasim\Documents\CMUQ WORK\Fall 2014\Competition Progg\pc2-9.2.3\bin\logs directory.
140909 145913.413|INFO|main|info|
140909 145913.418|INFO|main|info|Version 9.2.3 20120910 (Monday, September 10th 2012 16:20 UTC) Java ver 1.8.0_20 build 2565 Windows 7 6.1 (amd64) 
140909 145913.419|INFO|main|startLog|Working directory is C:\Users\Qasim\Documents\CMUQ WORK\Fall 2014\Competition Progg\pc2-9.2.3\bin
140909 145913.432|INFO|main|startLog|Process id is 1640@CHIKAANCOMPUTER
140909 145913.433|INFO|main|start|Starting ConnectionManager...
140909 145926.358|INFO|main|start|Started ConnectionManager
140909 145926.384|INFO|main|setClientServerAndPort|INI File location: file:/C:/Users/Qasim/Documents/CMUQ%20WORK/Fall%202014/Competition%20Progg/pc2-9.2.3/bin/pc2v9.ini
140909 145926.384|INFO|main|setClientServerAndPort|setClientServerAndPort pc2.qatar.cmu.edu parsed as pc2.qatar.cmu.edu port 50002
140909 145926.384|INFO|main|info|Contacting server at pc2.qatar.cmu.edu:50002
140909 145926.386|INFO|main|connectToMyServer|Connecting to pc2.qatar.cmu.edu:50002
140909 145927.086|INFO|Thread-1|receiveUnencrypted|receiveUnencrypted(TransportWrapper, ConnectionHandlerID=Socket[addr=pc2.qatar.cmu.edu/86.36.46.144,port=50002,localport=53989]-3471845971767507793)
140909 145931.285|INFO|Thread-1|receiveUnencrypted|receiveUnencrypted Made a secret key for Socket[addr=pc2.qatar.cmu.edu/86.36.46.144,port=50002,localport=53989]-3471845971767507793 key is com.sun.crypto.provider.DESKey@fffe798d
140909 145931.285|INFO|Thread-1|getPublicKeyPacket|Generating Unencrypted Public Key Packet
140909 145931.287|INFO|Thread-1|getPublicKeyPacket|checking key:= SunJCE Diffie-Hellman Public Key:
y:
    b3baf567 f004ece9 1ae910cf 7d2a9f17 455e6429 9d9c096d de812c60 2ba53f56
    36e6976c 7b84a776 05ba08a6 33f772b8 0e5a36d8 6dee4136 4d7996eb 17a387aa
    fdeb2611 832b52af 629fc2c6 e87583f2 61d24460 93ddf8b5 575265f6 efbe98fc
    183e4cb8 a0a90eb5 7b495e94 0a17b996 65960814 63e67d26 5b19e320 311239eb
p:
    f488fd58 4e49dbcd 20b49de4 9107366b 336c380d 451d0f7c 88b31c7c 5b2d8ef6
    f3c923c0 43f0a55b 188d8ebb 558cb85d 38d334fd 7c175743 a31d186c de33212c
    b52aff3c e1b12940 18118d7c 84a70a72 d686c403 19c80729 7aca950c d9969fab
    d00a509b 0246d308 3d66a45d 419f9c7c bd894b22 1926baab a25ec355 e92f78c7
g:
    02
l:
    512
140909 145931.288|INFO|Thread-1|getPublicKeyPacket|packet:= edu.csus.ecs.pc2.core.transport.TransportWrapper@314fd283
