140928 192849.666|CONFIG|main|setFileHandlers|Now logging to C:\Users\Qasim\Documents\CMUQ WORK\Fall 2014\Competition Progg\pc2-9.2.3\bin\logs directory.
140928 192849.669|INFO|main|info|
140928 192849.674|INFO|main|info|Version 9.2.3 20120910 (Monday, September 10th 2012 16:20 UTC) Java ver 1.8.0_20 build 2565 Windows 7 6.1 (amd64) 
140928 192849.675|INFO|main|startLog|Working directory is C:\Users\Qasim\Documents\CMUQ WORK\Fall 2014\Competition Progg\pc2-9.2.3\bin
140928 192849.689|INFO|main|startLog|Process id is 7980@CHIKAANCOMPUTER
140928 192849.690|INFO|main|start|Starting ConnectionManager...
140928 192902.284|INFO|main|start|Started ConnectionManager
140928 192902.287|INFO|main|setClientServerAndPort|INI File location: file:/C:/Users/Qasim/Documents/CMUQ%20WORK/Fall%202014/Competition%20Progg/pc2-9.2.3/bin/pc2v9.ini
140928 192902.288|INFO|main|setClientServerAndPort|setClientServerAndPort pc2.qatar.cmu.edu parsed as pc2.qatar.cmu.edu port 50002
140928 192902.288|INFO|main|info|Contacting server at pc2.qatar.cmu.edu:50002
140928 192902.289|INFO|main|connectToMyServer|Connecting to pc2.qatar.cmu.edu:50002
140928 192902.704|INFO|Thread-1|receiveUnencrypted|receiveUnencrypted(TransportWrapper, ConnectionHandlerID=Socket[addr=pc2.qatar.cmu.edu/86.36.46.144,port=50002,localport=52475]-2084608132205290617)
140928 192906.177|INFO|Thread-1|receiveUnencrypted|receiveUnencrypted Made a secret key for Socket[addr=pc2.qatar.cmu.edu/86.36.46.144,port=50002,localport=52475]-2084608132205290617 key is com.sun.crypto.provider.DESKey@181b4
140928 192906.178|INFO|Thread-1|getPublicKeyPacket|Generating Unencrypted Public Key Packet
140928 192906.179|INFO|Thread-1|getPublicKeyPacket|checking key:= SunJCE Diffie-Hellman Public Key:
y:
    1b811212 4f9b8bbb 92bb39c9 5e94fadc 8f41cd33 31a7df75 33053829 29e39420
    ee10bf27 2491225d c1be80b3 267cf810 6614891e ca958f61 fef3ec95 8375f952
    617ac53e 5c2b6976 6b15d782 5ecdd5cc 3f3fb652 5148c9e2 ce0fe306 6e8c2133
    ac9b7429 46118127 307dc62f f85c1ae9 5317feaf 0dd2e9c6 129f3f2f 26ca2918
p:
    f488fd58 4e49dbcd 20b49de4 9107366b 336c380d 451d0f7c 88b31c7c 5b2d8ef6
    f3c923c0 43f0a55b 188d8ebb 558cb85d 38d334fd 7c175743 a31d186c de33212c
    b52aff3c e1b12940 18118d7c 84a70a72 d686c403 19c80729 7aca950c d9969fab
    d00a509b 0246d308 3d66a45d 419f9c7c bd894b22 1926baab a25ec355 e92f78c7
g:
    02
l:
    512
140928 192906.180|INFO|Thread-1|getPublicKeyPacket|packet:= edu.csus.ecs.pc2.core.transport.TransportWrapper@8272934
