140924 103232.574|CONFIG|main|setFileHandlers|Now logging to C:\Users\Qasim\Documents\CMUQ WORK\Fall 2014\Competition Progg\pc2-9.2.3\bin\logs directory.
140924 103232.577|INFO|main|info|
140924 103232.582|INFO|main|info|Version 9.2.3 20120910 (Monday, September 10th 2012 16:20 UTC) Java ver 1.8.0_20 build 2565 Windows 7 6.1 (amd64) 
140924 103232.582|INFO|main|startLog|Working directory is C:\Users\Qasim\Documents\CMUQ WORK\Fall 2014\Competition Progg\pc2-9.2.3\bin
140924 103232.596|INFO|main|startLog|Process id is 6280@CHIKAANCOMPUTER
140924 103232.597|INFO|main|start|Starting ConnectionManager...
140924 103244.725|INFO|main|start|Started ConnectionManager
140924 103244.730|INFO|main|setClientServerAndPort|INI File location: file:/C:/Users/Qasim/Documents/CMUQ%20WORK/Fall%202014/Competition%20Progg/pc2-9.2.3/bin/pc2v9.ini
140924 103244.730|INFO|main|setClientServerAndPort|setClientServerAndPort pc2.qatar.cmu.edu parsed as pc2.qatar.cmu.edu port 50002
140924 103244.731|INFO|main|info|Contacting server at pc2.qatar.cmu.edu:50002
140924 103244.732|INFO|main|connectToMyServer|Connecting to pc2.qatar.cmu.edu:50002
140924 103245.035|INFO|Thread-1|receiveUnencrypted|receiveUnencrypted(TransportWrapper, ConnectionHandlerID=Socket[addr=pc2.qatar.cmu.edu/86.36.46.144,port=50002,localport=54097]--2841561162940666822)
140924 103245.246|INFO|Thread-1|receiveUnencrypted|receiveUnencrypted Made a secret key for Socket[addr=pc2.qatar.cmu.edu/86.36.46.144,port=50002,localport=54097]--2841561162940666822 key is com.sun.crypto.provider.DESKey@1831b
140924 103245.246|INFO|Thread-1|getPublicKeyPacket|Generating Unencrypted Public Key Packet
140924 103245.248|INFO|Thread-1|getPublicKeyPacket|checking key:= SunJCE Diffie-Hellman Public Key:
y:
    7431ff74 1da07c42 e68c4b0e f215b19f 7a62cccf d704c72b 7fa7d628 9fa6e028
    ffc24a08 409d39bc 282a353f 50cf7309 dee90193 c088671e 6d7e5e6e 988f6e7a
    5ae4ba28 565488e1 be141da8 065e08fb 4e10d120 56247ed5 69ccb10d f4cc78cb
    ef951e37 ff7f3e8d 9a951df8 f50b6c3d 317e5b95 9afcd61e 462ceab6 c69dd7ca
p:
    f488fd58 4e49dbcd 20b49de4 9107366b 336c380d 451d0f7c 88b31c7c 5b2d8ef6
    f3c923c0 43f0a55b 188d8ebb 558cb85d 38d334fd 7c175743 a31d186c de33212c
    b52aff3c e1b12940 18118d7c 84a70a72 d686c403 19c80729 7aca950c d9969fab
    d00a509b 0246d308 3d66a45d 419f9c7c bd894b22 1926baab a25ec355 e92f78c7
g:
    02
l:
    512
140924 103245.248|INFO|Thread-1|getPublicKeyPacket|packet:= edu.csus.ecs.pc2.core.transport.TransportWrapper@306541df
