140916 175743.050|CONFIG|main|setFileHandlers|Now logging to C:\Users\Qasim\Documents\CMUQ WORK\Fall 2014\Competition Progg\pc2-9.2.3\bin\logs directory.
140916 175743.053|INFO|main|info|
140916 175743.062|INFO|main|info|Version 9.2.3 20120910 (Monday, September 10th 2012 16:20 UTC) Java ver 1.8.0_20 build 2565 Windows 7 6.1 (amd64) 
140916 175743.063|INFO|main|startLog|Working directory is C:\Users\Qasim\Documents\CMUQ WORK\Fall 2014\Competition Progg\pc2-9.2.3\bin
140916 175743.085|INFO|main|startLog|Process id is 2344@CHIKAANCOMPUTER
140916 175743.086|INFO|main|start|Starting ConnectionManager...
140916 175757.198|INFO|main|start|Started ConnectionManager
140916 175757.203|INFO|main|setClientServerAndPort|INI File location: file:/C:/Users/Qasim/Documents/CMUQ%20WORK/Fall%202014/Competition%20Progg/pc2-9.2.3/bin/pc2v9.ini
140916 175757.204|INFO|main|setClientServerAndPort|setClientServerAndPort pc2.qatar.cmu.edu parsed as pc2.qatar.cmu.edu port 50002
140916 175757.204|INFO|main|info|Contacting server at pc2.qatar.cmu.edu:50002
140916 175757.205|INFO|main|connectToMyServer|Connecting to pc2.qatar.cmu.edu:50002
140916 175757.472|INFO|Thread-1|receiveUnencrypted|receiveUnencrypted(TransportWrapper, ConnectionHandlerID=Socket[addr=pc2.qatar.cmu.edu/86.36.46.144,port=50002,localport=55101]-6178541678744041434)
140916 175757.702|INFO|Thread-1|receiveUnencrypted|receiveUnencrypted Made a secret key for Socket[addr=pc2.qatar.cmu.edu/86.36.46.144,port=50002,localport=55101]-6178541678744041434 key is com.sun.crypto.provider.DESKey@18750
140916 175757.703|INFO|Thread-1|getPublicKeyPacket|Generating Unencrypted Public Key Packet
140916 175757.706|INFO|Thread-1|getPublicKeyPacket|checking key:= SunJCE Diffie-Hellman Public Key:
y:
    81dcdfae b87ae701 27df1195 de28e2c3 bee82fd4 8cc289ed 637fc352 ccefb8b0
    a02b0d8a 538bfbba cc46aee9 da32b711 4379cfc1 9d498bc8 62f0daf7 8a40d4ff
    74c576f4 bc2baa05 0b1ecc89 5837b6f6 3cb989eb b208c9ea e15e05ac 3ff7ad6c
    06d72e00 a57e5bb8 7763df75 a82fbed7 8c10693d 50408f4f 3b079773 b54b6a1e
p:
    f488fd58 4e49dbcd 20b49de4 9107366b 336c380d 451d0f7c 88b31c7c 5b2d8ef6
    f3c923c0 43f0a55b 188d8ebb 558cb85d 38d334fd 7c175743 a31d186c de33212c
    b52aff3c e1b12940 18118d7c 84a70a72 d686c403 19c80729 7aca950c d9969fab
    d00a509b 0246d308 3d66a45d 419f9c7c bd894b22 1926baab a25ec355 e92f78c7
g:
    02
l:
    512
140916 175757.707|INFO|Thread-1|getPublicKeyPacket|packet:= edu.csus.ecs.pc2.core.transport.TransportWrapper@8272934
