141104 143151.720|CONFIG|main|setFileHandlers|Now logging to C:\Users\Qasim\Documents\CMUQ WORK\Fall 2014\Competition Progg\pc2-9.2.3\bin\logs directory.
141104 143151.724|INFO|main|info|
141104 143151.739|INFO|main|info|Version 9.2.3 20120910 (Monday, September 10th 2012 16:20 UTC) Java ver 1.8.0_20 build 2565 Windows 7 6.1 (amd64) 
141104 143151.741|INFO|main|startLog|Working directory is C:\Users\Qasim\Documents\CMUQ WORK\Fall 2014\Competition Progg\pc2-9.2.3\bin
141104 143151.885|INFO|main|startLog|Process id is 8340@CHIKAANCOMPUTER
141104 143151.885|INFO|main|start|Starting ConnectionManager...
141104 143212.330|INFO|main|start|Started ConnectionManager
141104 143212.350|INFO|main|setClientServerAndPort|INI File location: file:/C:/Users/Qasim/Documents/CMUQ%20WORK/Fall%202014/Competition%20Progg/pc2-9.2.3/bin/pc2v9.ini
141104 143212.351|INFO|main|setClientServerAndPort|setClientServerAndPort pc2.qatar.cmu.edu parsed as pc2.qatar.cmu.edu port 50002
141104 143212.352|INFO|main|info|Contacting server at pc2.qatar.cmu.edu:50002
141104 143212.353|INFO|main|connectToMyServer|Connecting to pc2.qatar.cmu.edu:50002
141104 143213.259|INFO|Thread-1|receiveUnencrypted|receiveUnencrypted(TransportWrapper, ConnectionHandlerID=Socket[addr=pc2.qatar.cmu.edu/86.36.46.144,port=50002,localport=64110]-1127555771980196317)
141104 143216.518|INFO|Thread-1|receiveUnencrypted|receiveUnencrypted Made a secret key for Socket[addr=pc2.qatar.cmu.edu/86.36.46.144,port=50002,localport=64110]-1127555771980196317 key is com.sun.crypto.provider.DESKey@fffe7a1a
141104 143216.519|INFO|Thread-1|getPublicKeyPacket|Generating Unencrypted Public Key Packet
141104 143216.523|INFO|Thread-1|getPublicKeyPacket|checking key:= SunJCE Diffie-Hellman Public Key:
y:
    1ce1c89e 1be42c05 c02e3a87 f81460b9 7418ee22 16002985 54038d46 08e88977
    751e988c 690d2159 f1d1b511 86267a41 1a3f0a18 2306786e 9f5b456f fd92a4c2
    b277a8cd ce259236 2a913d33 c6f1064e 8bab2675 beec2e73 9978775c fad1f22b
    8e887a63 fdb67670 315962e7 306bd029 a2fe98ce a8c971d1 0e856444 308e7fb9
p:
    f488fd58 4e49dbcd 20b49de4 9107366b 336c380d 451d0f7c 88b31c7c 5b2d8ef6
    f3c923c0 43f0a55b 188d8ebb 558cb85d 38d334fd 7c175743 a31d186c de33212c
    b52aff3c e1b12940 18118d7c 84a70a72 d686c403 19c80729 7aca950c d9969fab
    d00a509b 0246d308 3d66a45d 419f9c7c bd894b22 1926baab a25ec355 e92f78c7
g:
    02
l:
    512
141104 143216.524|INFO|Thread-1|getPublicKeyPacket|packet:= edu.csus.ecs.pc2.core.transport.TransportWrapper@8272934
