140914 214012.099|CONFIG|main|setFileHandlers|Now logging to C:\Users\Qasim\Documents\CMUQ WORK\Fall 2014\Competition Progg\pc2-9.2.3\bin\logs directory.
140914 214012.101|INFO|main|info|
140914 214012.108|INFO|main|info|Version 9.2.3 20120910 (Monday, September 10th 2012 16:20 UTC) Java ver 1.8.0_20 build 2565 Windows 7 6.1 (amd64) 
140914 214012.109|INFO|main|startLog|Working directory is C:\Users\Qasim\Documents\CMUQ WORK\Fall 2014\Competition Progg\pc2-9.2.3\bin
140914 214012.124|INFO|main|startLog|Process id is 1076@CHIKAANCOMPUTER
140914 214012.125|INFO|main|start|Starting ConnectionManager...
140914 214024.565|INFO|main|start|Started ConnectionManager
140914 214024.570|INFO|main|setClientServerAndPort|INI File location: file:/C:/Users/Qasim/Documents/CMUQ%20WORK/Fall%202014/Competition%20Progg/pc2-9.2.3/bin/pc2v9.ini
140914 214024.570|INFO|main|setClientServerAndPort|setClientServerAndPort pc2.qatar.cmu.edu parsed as pc2.qatar.cmu.edu port 50002
140914 214024.571|INFO|main|info|Contacting server at pc2.qatar.cmu.edu:50002
140914 214024.572|INFO|main|connectToMyServer|Connecting to pc2.qatar.cmu.edu:50002
140914 214025.944|INFO|Thread-1|receiveUnencrypted|receiveUnencrypted(TransportWrapper, ConnectionHandlerID=Socket[addr=pc2.qatar.cmu.edu/86.36.46.144,port=50002,localport=52627]-6533207976330190524)
140914 214026.113|INFO|Thread-1|receiveUnencrypted|receiveUnencrypted Made a secret key for Socket[addr=pc2.qatar.cmu.edu/86.36.46.144,port=50002,localport=52627]-6533207976330190524 key is com.sun.crypto.provider.DESKey@fffe7bf3
140914 214026.114|INFO|Thread-1|getPublicKeyPacket|Generating Unencrypted Public Key Packet
140914 214026.117|INFO|Thread-1|getPublicKeyPacket|checking key:= SunJCE Diffie-Hellman Public Key:
y:
    aef9af6a de8be221 4086b735 8bff9fe1 c9122d16 4a68d12e a7531dd7 c4844169
    d15bdc63 5f117dd5 fe4062b0 0dc56b04 c0c7cbfc 11d3ab83 f516acc3 34946049
    6ea09119 f0362fc3 5e2997b7 0a8fe15d 6eae1748 31ac618a 85e6d0f7 28a69b2d
    64fdcaef cb7e8bb9 70153596 6282e8e4 b0b6ad86 d856fe5b 12d37582 f509cfa7
p:
    f488fd58 4e49dbcd 20b49de4 9107366b 336c380d 451d0f7c 88b31c7c 5b2d8ef6
    f3c923c0 43f0a55b 188d8ebb 558cb85d 38d334fd 7c175743 a31d186c de33212c
    b52aff3c e1b12940 18118d7c 84a70a72 d686c403 19c80729 7aca950c d9969fab
    d00a509b 0246d308 3d66a45d 419f9c7c bd894b22 1926baab a25ec355 e92f78c7
g:
    02
l:
    512
140914 214026.120|INFO|Thread-1|getPublicKeyPacket|packet:= edu.csus.ecs.pc2.core.transport.TransportWrapper@2d1d61eb
