140914 203156.515|CONFIG|main|setFileHandlers|Now logging to C:\Users\Qasim\Documents\CMUQ WORK\Fall 2014\Competition Progg\pc2-9.2.3\bin\logs directory.
140914 203156.524|INFO|main|info|
140914 203156.553|INFO|main|info|Version 9.2.3 20120910 (Monday, September 10th 2012 16:20 UTC) Java ver 1.8.0_20 build 2565 Windows 7 6.1 (amd64) 
140914 203156.554|INFO|main|startLog|Working directory is C:\Users\Qasim\Documents\CMUQ WORK\Fall 2014\Competition Progg\pc2-9.2.3\bin
140914 203156.784|INFO|main|startLog|Process id is 5708@CHIKAANCOMPUTER
140914 203156.785|INFO|main|start|Starting ConnectionManager...
140914 203210.544|INFO|main|start|Started ConnectionManager
140914 203210.562|INFO|main|setClientServerAndPort|INI File location: file:/C:/Users/Qasim/Documents/CMUQ%20WORK/Fall%202014/Competition%20Progg/pc2-9.2.3/bin/pc2v9.ini
140914 203210.562|INFO|main|setClientServerAndPort|setClientServerAndPort pc2.qatar.cmu.edu parsed as pc2.qatar.cmu.edu port 50002
140914 203210.562|INFO|main|info|Contacting server at pc2.qatar.cmu.edu:50002
140914 203210.564|INFO|main|connectToMyServer|Connecting to pc2.qatar.cmu.edu:50002
140914 203211.024|INFO|Thread-1|receiveUnencrypted|receiveUnencrypted(TransportWrapper, ConnectionHandlerID=Socket[addr=pc2.qatar.cmu.edu/86.36.46.144,port=50002,localport=52389]--8355369430428878131)
140914 203215.222|INFO|Thread-1|receiveUnencrypted|receiveUnencrypted Made a secret key for Socket[addr=pc2.qatar.cmu.edu/86.36.46.144,port=50002,localport=52389]--8355369430428878131 key is com.sun.crypto.provider.DESKey@fffe7f10
140914 203215.222|INFO|Thread-1|getPublicKeyPacket|Generating Unencrypted Public Key Packet
140914 203215.225|INFO|Thread-1|getPublicKeyPacket|checking key:= SunJCE Diffie-Hellman Public Key:
y:
    665b1676 a20e8d66 271c3d32 527336ba 7eaf166a af5f846e f592c1ca ea2057c6
    64dfdbc5 2a842808 c90d5800 5df7cc4b 90f0a1f6 a4558004 aa5d04f4 15c9c360
    7ffdd3f9 35fccb57 fa89b704 b253ea4b 674bf1c8 7790669e d4d86d8d 8495b8d0
    504f2b20 f83d6e7e be0f361b d0874fda 7ec9b017 53bd50e0 882d1fed e6699a78
p:
    f488fd58 4e49dbcd 20b49de4 9107366b 336c380d 451d0f7c 88b31c7c 5b2d8ef6
    f3c923c0 43f0a55b 188d8ebb 558cb85d 38d334fd 7c175743 a31d186c de33212c
    b52aff3c e1b12940 18118d7c 84a70a72 d686c403 19c80729 7aca950c d9969fab
    d00a509b 0246d308 3d66a45d 419f9c7c bd894b22 1926baab a25ec355 e92f78c7
g:
    02
l:
    512
140914 203215.225|INFO|Thread-1|getPublicKeyPacket|packet:= edu.csus.ecs.pc2.core.transport.TransportWrapper@789d5d55
