140902 163323.890|CONFIG|main|setFileHandlers|Now logging to C:\Users\Qasim\Documents\CMUQ WORK\Fall 2014\Competition Progg\pc2-9.2.3\bin\logs directory.
140902 163323.893|INFO|main|info|
140902 163323.898|INFO|main|info|Version 9.2.3 20120910 (Monday, September 10th 2012 16:20 UTC) Java ver 1.8.0_20 build 2565 Windows 7 6.1 (amd64) 
140902 163323.899|INFO|main|startLog|Working directory is C:\Users\Qasim\Documents\CMUQ WORK\Fall 2014\Competition Progg\pc2-9.2.3\bin
140902 163323.916|INFO|main|startLog|Process id is 6096@CHIKAANCOMPUTER
140902 163323.916|INFO|main|start|Starting ConnectionManager...
140902 163335.847|INFO|main|start|Started ConnectionManager
140902 163335.860|INFO|main|setClientServerAndPort|INI File location: file:/C:/Users/Qasim/Documents/CMUQ%20WORK/Fall%202014/Competition%20Progg/pc2-9.2.3/bin/pc2v9.ini
140902 163335.861|INFO|main|setClientServerAndPort|setClientServerAndPort pc2.qatar.cmu.edu parsed as pc2.qatar.cmu.edu port 50002
140902 163335.861|INFO|main|info|Contacting server at pc2.qatar.cmu.edu:50002
140902 163335.863|INFO|main|connectToMyServer|Connecting to pc2.qatar.cmu.edu:50002
140902 163336.384|INFO|Thread-1|receiveUnencrypted|receiveUnencrypted(TransportWrapper, ConnectionHandlerID=Socket[addr=pc2.qatar.cmu.edu/86.36.46.144,port=50002,localport=51373]--5603441238664908101)
140902 163336.673|INFO|Thread-1|receiveUnencrypted|receiveUnencrypted Made a secret key for Socket[addr=pc2.qatar.cmu.edu/86.36.46.144,port=50002,localport=51373]--5603441238664908101 key is com.sun.crypto.provider.DESKey@184e2
140902 163336.674|INFO|Thread-1|getPublicKeyPacket|Generating Unencrypted Public Key Packet
140902 163336.675|INFO|Thread-1|getPublicKeyPacket|checking key:= SunJCE Diffie-Hellman Public Key:
y:
    f37c15f4 7a62a650 5c09171d 313619db 34ad6c8c cabac3c9 86e8ccc2 c130d2af
    aba05f1f 5a9904db 178c5ef9 2107f848 04f9cdbc 684ef8e8 42dc6da6 53d415bb
    502d49fc d9c239f2 16323ea6 15e44745 8bebcecd 16b45018 903ad50e 5451b9bf
    700a118f da82ab29 c487d3be efe3e4f1 2d72615f 44712bfa 02a04579 d57ffbe2
p:
    f488fd58 4e49dbcd 20b49de4 9107366b 336c380d 451d0f7c 88b31c7c 5b2d8ef6
    f3c923c0 43f0a55b 188d8ebb 558cb85d 38d334fd 7c175743 a31d186c de33212c
    b52aff3c e1b12940 18118d7c 84a70a72 d686c403 19c80729 7aca950c d9969fab
    d00a509b 0246d308 3d66a45d 419f9c7c bd894b22 1926baab a25ec355 e92f78c7
g:
    02
l:
    512
140902 163336.676|INFO|Thread-1|getPublicKeyPacket|packet:= edu.csus.ecs.pc2.core.transport.TransportWrapper@8272934
