141019 213840.170|CONFIG|main|setFileHandlers|Now logging to C:\Users\Qasim\Documents\CMUQ WORK\Fall 2014\Competition Progg\pc2-9.2.3\bin\logs directory.
141019 213840.178|INFO|main|info|
141019 213840.184|INFO|main|info|Version 9.2.3 20120910 (Monday, September 10th 2012 16:20 UTC) Java ver 1.8.0_20 build 2565 Windows 7 6.1 (amd64) 
141019 213840.184|INFO|main|startLog|Working directory is C:\Users\Qasim\Documents\CMUQ WORK\Fall 2014\Competition Progg\pc2-9.2.3\bin
141019 213840.281|INFO|main|startLog|Process id is 5500@CHIKAANCOMPUTER
141019 213840.282|INFO|main|start|Starting ConnectionManager...
141019 213852.267|INFO|main|start|Started ConnectionManager
141019 213852.273|INFO|main|setClientServerAndPort|INI File location: file:/C:/Users/Qasim/Documents/CMUQ%20WORK/Fall%202014/Competition%20Progg/pc2-9.2.3/bin/pc2v9.ini
141019 213852.273|INFO|main|setClientServerAndPort|setClientServerAndPort pc2.qatar.cmu.edu parsed as pc2.qatar.cmu.edu port 50002
141019 213852.273|INFO|main|info|Contacting server at pc2.qatar.cmu.edu:50002
141019 213852.275|INFO|main|connectToMyServer|Connecting to pc2.qatar.cmu.edu:50002
141019 213852.752|INFO|Thread-1|receiveUnencrypted|receiveUnencrypted(TransportWrapper, ConnectionHandlerID=Socket[addr=pc2.qatar.cmu.edu/86.36.46.144,port=50002,localport=50747]--3406218733994944736)
141019 213852.969|INFO|Thread-1|receiveUnencrypted|receiveUnencrypted Made a secret key for Socket[addr=pc2.qatar.cmu.edu/86.36.46.144,port=50002,localport=50747]--3406218733994944736 key is com.sun.crypto.provider.DESKey@18135
141019 213852.970|INFO|Thread-1|getPublicKeyPacket|Generating Unencrypted Public Key Packet
141019 213852.971|INFO|Thread-1|getPublicKeyPacket|checking key:= SunJCE Diffie-Hellman Public Key:
y:
    c483125d aba1fd0d f8f038ce e452721a 9b1ca694 c977296d d88a10af f386ad9a
    27f2308f 580d683f 7a334a2a 31938935 11b35d1d f346a829 e007e398 400b1a63
    3b25f412 610f2b9c 94ea7d50 e7a69083 fb2cade8 15e20d1f f1f9acb7 40639f6c
    4f6a99cb 5c471a2f 9af5fdd5 b61d9cf3 c5fb845c 4147e292 b1322f4e 354a141f
p:
    f488fd58 4e49dbcd 20b49de4 9107366b 336c380d 451d0f7c 88b31c7c 5b2d8ef6
    f3c923c0 43f0a55b 188d8ebb 558cb85d 38d334fd 7c175743 a31d186c de33212c
    b52aff3c e1b12940 18118d7c 84a70a72 d686c403 19c80729 7aca950c d9969fab
    d00a509b 0246d308 3d66a45d 419f9c7c bd894b22 1926baab a25ec355 e92f78c7
g:
    02
l:
    512
141019 213852.971|INFO|Thread-1|getPublicKeyPacket|packet:= edu.csus.ecs.pc2.core.transport.TransportWrapper@8272934
