140831 174715.297|CONFIG|main|setFileHandlers|Now logging to C:\Users\Qasim\Documents\CMUQ WORK\Fall 2014\Competition Progg\pc2-9.2.3\bin\logs directory.
140831 174715.300|INFO|main|info|
140831 174715.305|INFO|main|info|Version 9.2.3 20120910 (Monday, September 10th 2012 16:20 UTC) Java ver 1.8.0_20 build 2565 Windows 7 6.1 (amd64) 
140831 174715.306|INFO|main|startLog|Working directory is C:\Users\Qasim\Documents\CMUQ WORK\Fall 2014\Competition Progg\pc2-9.2.3\bin
140831 174715.322|INFO|main|startLog|Process id is 4904@CHIKAANCOMPUTER
140831 174715.323|INFO|main|start|Starting ConnectionManager...
140831 174727.323|INFO|main|start|Started ConnectionManager
140831 174727.329|INFO|main|setClientServerAndPort|INI File location: file:/C:/Users/Qasim/Documents/CMUQ%20WORK/Fall%202014/Competition%20Progg/pc2-9.2.3/bin/pc2v9.ini
140831 174727.330|INFO|main|setClientServerAndPort|setClientServerAndPort pc2.qatar.cmu.edu parsed as pc2.qatar.cmu.edu port 50002
140831 174727.330|INFO|main|info|Contacting server at pc2.qatar.cmu.edu:50002
140831 174727.332|INFO|main|connectToMyServer|Connecting to pc2.qatar.cmu.edu:50002
140831 174727.699|INFO|Thread-1|receiveUnencrypted|receiveUnencrypted(TransportWrapper, ConnectionHandlerID=Socket[addr=pc2.qatar.cmu.edu/86.36.46.144,port=50002,localport=49359]-6166846191243118623)
140831 174728.132|INFO|Thread-1|receiveUnencrypted|receiveUnencrypted Made a secret key for Socket[addr=pc2.qatar.cmu.edu/86.36.46.144,port=50002,localport=49359]-6166846191243118623 key is com.sun.crypto.provider.DESKey@1872a
140831 174728.133|INFO|Thread-1|getPublicKeyPacket|Generating Unencrypted Public Key Packet
140831 174728.135|INFO|Thread-1|getPublicKeyPacket|checking key:= SunJCE Diffie-Hellman Public Key:
y:
    d576d611 1281ec5d 685ef5b3 3abdccde 1c7d6f2b 20a7f74f 6a35d64e 169dc813
    4b87f06d 4359bde2 8070ac6b aede5954 5b0bbf53 f4eb8f3b 5d7541cf 0159d5ce
    86da1402 b5dd211e 4136e7a8 1bc161f8 26b4c575 18e37126 2dd35a08 572d9322
    ddf5ebd1 edb82b48 1da5205e 4302223d a46352c6 287596b2 4e2ed07d 20d5280a
p:
    f488fd58 4e49dbcd 20b49de4 9107366b 336c380d 451d0f7c 88b31c7c 5b2d8ef6
    f3c923c0 43f0a55b 188d8ebb 558cb85d 38d334fd 7c175743 a31d186c de33212c
    b52aff3c e1b12940 18118d7c 84a70a72 d686c403 19c80729 7aca950c d9969fab
    d00a509b 0246d308 3d66a45d 419f9c7c bd894b22 1926baab a25ec355 e92f78c7
g:
    02
l:
    512
140831 174728.135|INFO|Thread-1|getPublicKeyPacket|packet:= edu.csus.ecs.pc2.core.transport.TransportWrapper@314fd283
