140914 203222.502|CONFIG|AWT-EventQueue-0|setFileHandlers|Now logging to C:\Users\Qasim\Documents\CMUQ WORK\Fall 2014\Competition Progg\pc2-9.2.3\bin\logs directory.
140914 203222.502|INFO|AWT-EventQueue-0|info|
140914 203222.503|INFO|AWT-EventQueue-0|info|Version 9.2.3 20120910 (Monday, September 10th 2012 16:20 UTC) Java ver 1.8.0_20 build 2565 Windows 7 6.1 (amd64) 
140914 203222.503|INFO|AWT-EventQueue-0|info|Login: team13 (aka team13)
140914 203222.503|INFO|AWT-EventQueue-0|startLog|Working directory is C:\Users\Qasim\Documents\CMUQ WORK\Fall 2014\Competition Progg\pc2-9.2.3\bin
140914 203222.504|INFO|AWT-EventQueue-0|startLog|Process id is 5708@CHIKAANCOMPUTER
140914 203222.505|INFO|AWT-EventQueue-0|info|Contacting server at pc2.qatar.cmu.edu:50002 as TEAM13 @ site 0
140914 203222.505|INFO|AWT-EventQueue-0|info|sendLoginRequest start - sending from TEAM13 @ site 0
140914 203222.512|INFO|AWT-EventQueue-0|sendToLocalServer|Sending packet to server Packet[LOGIN_REQUEST] #1 TEAM13 @ site 0 -> SERVER0 @ site 0
140914 203222.515|INFO|AWT-EventQueue-0|sendToLocalServer|Sent    packet to server Packet[LOGIN_REQUEST] #1 TEAM13 @ site 0 -> SERVER0 @ site 0
140914 203222.515|INFO|AWT-EventQueue-0|info|sendLoginRequest end - packet sent.
140914 203222.516|INFO|Thread-4|run|send(Serializable)
140914 203222.835|INFO|Thread-1|receive|public void receive(SealedObject TransportPacket, ConnectionHandlerID connectionHandlerID)
140914 203222.928|INFO|Thread-5|info| receiveObject(S) start got Packet[LOGIN_SUCCESS] #97 SERVER0 @ site 1 -> TEAM13 @ site 1
140914 203222.929|INFO|Thread-5|dumpPacket|Packet LOGIN_SUCCESS (Seq #97 ) recieveObject
140914 203222.929|INFO|Thread-5|dumpPacket|  From: SERVER0 @ site 1 (pc2 @ 127.0.1.1) (Contest Id: Default-4042054543451503544)
140914 203222.929|INFO|Thread-5|dumpPacket|    To: TEAM13 @ site 1
140914 203222.929|INFO|Thread-5|dumpPacket|   key: ACCOUNT_ARRAY is: [Ledu.csus.ecs.pc2.core.model.Account; [Ledu.csus.ecs.pc2.core.model.Account;@5c7ffc1e
140914 203222.929|INFO|Thread-5|dumpPacket|   key: GENERAL_PROBLEM is: edu.csus.ecs.pc2.core.model.Problem General
140914 203222.930|INFO|Thread-5|dumpPacket|   key: SERVER_CLOCK_OFFSET is: java.util.GregorianCalendar java.util.GregorianCalendar[time=1410715951890,areFieldsSet=true,areAllFieldsSet=false,lenient=true,zone=sun.util.calendar.ZoneInfo[id="GMT",offset=0,dstSavings=0,useDaylight=false,transitions=0,lastRule=null],firstDayOfWeek=1,minimalDaysInFirstWeek=1,ERA=1,YEAR=2014,MONTH=8,WEEK_OF_YEAR=38,WEEK_OF_MONTH=3,DAY_OF_MONTH=14,DAY_OF_YEAR=257,DAY_OF_WEEK=1,DAY_OF_WEEK_IN_MONTH=2,AM_PM=1,HOUR=5,HOUR_OF_DAY=17,MINUTE=32,SECOND=31,MILLISECOND=890,ZONE_OFFSET=0,DST_OFFSET=0]
140914 203222.930|INFO|Thread-5|dumpPacket|   key: JUDGEMENT_LIST is: [Ledu.csus.ecs.pc2.core.model.Judgement; [Ledu.csus.ecs.pc2.core.model.Judgement;@52b809e1
140914 203222.930|INFO|Thread-5|dumpPacket|   key: PROBLEM_DATA_FILES is: [Ledu.csus.ecs.pc2.core.model.ProblemDataFiles; [Ledu.csus.ecs.pc2.core.model.ProblemDataFiles;@5687976e
140914 203222.930|INFO|Thread-5|dumpPacket|   key: LANGUAGE_LIST is: [Ledu.csus.ecs.pc2.core.model.Language; [Ledu.csus.ecs.pc2.core.model.Language;@138503da
140914 203222.931|INFO|Thread-5|dumpPacket|   key: PROFILE is: edu.csus.ecs.pc2.core.model.Profile Default-6332239214164146021
140914 203222.932|INFO|Thread-5|dumpPacket|   key: BALLOON_SETTINGS_LIST is: [Ledu.csus.ecs.pc2.core.model.BalloonSettings; [Ledu.csus.ecs.pc2.core.model.BalloonSettings;@30b982b8
140914 203222.932|INFO|Thread-5|dumpPacket|   key: REMOTE_LOGGED_IN_USERS is: [Ledu.csus.ecs.pc2.core.model.ClientId; [Ledu.csus.ecs.pc2.core.model.ClientId;@225c724f
140914 203222.932|INFO|Thread-5|dumpPacket|   key: CLARIFICATION_LIST is: [Ledu.csus.ecs.pc2.core.model.Clarification; [Ledu.csus.ecs.pc2.core.model.Clarification;@488aad8d
140914 203222.933|INFO|Thread-5|dumpPacket|   key: CONTEST_IDENTIFIER is: java.lang.String Default-4042054543451503544
140914 203222.933|INFO|Thread-5|dumpPacket|   key: PROBLEM_LIST is: [Ledu.csus.ecs.pc2.core.model.Problem; [Ledu.csus.ecs.pc2.core.model.Problem;@73aafc95
140914 203222.934|INFO|Thread-5|dumpPacket|   key: SITE_NUMBER is: java.lang.Integer 1
140914 203222.935|INFO|Thread-5|dumpPacket|   key: CLIENT_SETTINGS_LIST is: [Ledu.csus.ecs.pc2.core.model.ClientSettings; [Ledu.csus.ecs.pc2.core.model.ClientSettings;@ffa1c1a
140914 203222.935|INFO|Thread-5|dumpPacket|   key: LOCAL_LOGGED_IN_USERS is: [Ledu.csus.ecs.pc2.core.model.ClientId; [Ledu.csus.ecs.pc2.core.model.ClientId;@4ef5c9a0
140914 203222.935|INFO|Thread-5|dumpPacket|   key: CLIENT_ID is: edu.csus.ecs.pc2.core.model.ClientId TEAM13 @ site 1
140914 203222.936|INFO|Thread-5|dumpPacket|   key: GROUP_LIST is: [Ledu.csus.ecs.pc2.core.model.Group; [Ledu.csus.ecs.pc2.core.model.Group;@538ee336
140914 203222.936|INFO|Thread-5|dumpPacket|   key: CONNECTION_HANDLE_ID_LIST is: [Ledu.csus.ecs.pc2.core.transport.ConnectionHandlerID; [Ledu.csus.ecs.pc2.core.transport.ConnectionHandlerID;@77e4e386
140914 203222.936|INFO|Thread-5|dumpPacket|   key: CONTEST_TIME is: edu.csus.ecs.pc2.core.model.ContestTime edu.csus.ecs.pc2.core.model.ContestTime@28a12bac
140914 203222.937|INFO|Thread-5|dumpPacket|   key: PROFILE_LIST is: [Ledu.csus.ecs.pc2.core.model.Profile; [Ledu.csus.ecs.pc2.core.model.Profile;@48f94fd1
140914 203222.937|INFO|Thread-5|dumpPacket|   key: CONTEST_TIME_LIST is: [Ledu.csus.ecs.pc2.core.model.ContestTime; [Ledu.csus.ecs.pc2.core.model.ContestTime;@6cca82ab
140914 203222.937|INFO|Thread-5|dumpPacket|   key: CONTEST_INFORMATION is: edu.csus.ecs.pc2.core.model.ContestInformation edu.csus.ecs.pc2.core.model.ContestInformation@3ce2b467
140914 203222.937|INFO|Thread-5|dumpPacket|   key: SITE_LIST is: [Ledu.csus.ecs.pc2.core.model.Site; [Ledu.csus.ecs.pc2.core.model.Site;@1dbf041c
140914 203222.938|INFO|Thread-5|dumpPacket|   key: RUN_LIST is: [Ledu.csus.ecs.pc2.core.model.Run; [Ledu.csus.ecs.pc2.core.model.Run;@1fba57bd
140914 203222.938|INFO|Thread-5|info|handlePacket start Packet[LOGIN_SUCCESS] #97 SERVER0 @ site 1 -> TEAM13 @ site 1
140914 203222.938|INFO|Thread-5|dumpPacket|Packet LOGIN_SUCCESS (Seq #97 ) handlePacket
140914 203222.938|INFO|Thread-5|dumpPacket|  From: SERVER0 @ site 1 (pc2 @ 127.0.1.1) (Contest Id: Default-4042054543451503544)
140914 203222.938|INFO|Thread-5|dumpPacket|    To: TEAM13 @ site 1
140914 203222.938|INFO|Thread-5|dumpPacket|   key: ACCOUNT_ARRAY is: [Ledu.csus.ecs.pc2.core.model.Account; [Ledu.csus.ecs.pc2.core.model.Account;@5c7ffc1e
140914 203222.939|INFO|Thread-5|dumpPacket|   key: GENERAL_PROBLEM is: edu.csus.ecs.pc2.core.model.Problem General
140914 203222.939|INFO|Thread-5|dumpPacket|   key: SERVER_CLOCK_OFFSET is: java.util.GregorianCalendar java.util.GregorianCalendar[time=1410715951890,areFieldsSet=true,areAllFieldsSet=false,lenient=true,zone=sun.util.calendar.ZoneInfo[id="GMT",offset=0,dstSavings=0,useDaylight=false,transitions=0,lastRule=null],firstDayOfWeek=1,minimalDaysInFirstWeek=1,ERA=1,YEAR=2014,MONTH=8,WEEK_OF_YEAR=38,WEEK_OF_MONTH=3,DAY_OF_MONTH=14,DAY_OF_YEAR=257,DAY_OF_WEEK=1,DAY_OF_WEEK_IN_MONTH=2,AM_PM=1,HOUR=5,HOUR_OF_DAY=17,MINUTE=32,SECOND=31,MILLISECOND=890,ZONE_OFFSET=0,DST_OFFSET=0]
140914 203222.939|INFO|Thread-5|dumpPacket|   key: JUDGEMENT_LIST is: [Ledu.csus.ecs.pc2.core.model.Judgement; [Ledu.csus.ecs.pc2.core.model.Judgement;@52b809e1
140914 203222.939|INFO|Thread-5|dumpPacket|   key: PROBLEM_DATA_FILES is: [Ledu.csus.ecs.pc2.core.model.ProblemDataFiles; [Ledu.csus.ecs.pc2.core.model.ProblemDataFiles;@5687976e
140914 203222.940|INFO|Thread-5|dumpPacket|   key: LANGUAGE_LIST is: [Ledu.csus.ecs.pc2.core.model.Language; [Ledu.csus.ecs.pc2.core.model.Language;@138503da
140914 203222.940|INFO|Thread-5|dumpPacket|   key: PROFILE is: edu.csus.ecs.pc2.core.model.Profile Default-6332239214164146021
140914 203222.940|INFO|Thread-5|dumpPacket|   key: BALLOON_SETTINGS_LIST is: [Ledu.csus.ecs.pc2.core.model.BalloonSettings; [Ledu.csus.ecs.pc2.core.model.BalloonSettings;@30b982b8
140914 203222.940|INFO|Thread-5|dumpPacket|   key: REMOTE_LOGGED_IN_USERS is: [Ledu.csus.ecs.pc2.core.model.ClientId; [Ledu.csus.ecs.pc2.core.model.ClientId;@225c724f
140914 203222.940|INFO|Thread-5|dumpPacket|   key: CLARIFICATION_LIST is: [Ledu.csus.ecs.pc2.core.model.Clarification; [Ledu.csus.ecs.pc2.core.model.Clarification;@488aad8d
140914 203222.940|INFO|Thread-5|dumpPacket|   key: CONTEST_IDENTIFIER is: java.lang.String Default-4042054543451503544
140914 203222.941|INFO|Thread-5|dumpPacket|   key: PROBLEM_LIST is: [Ledu.csus.ecs.pc2.core.model.Problem; [Ledu.csus.ecs.pc2.core.model.Problem;@73aafc95
140914 203222.941|INFO|Thread-5|dumpPacket|   key: SITE_NUMBER is: java.lang.Integer 1
140914 203222.941|INFO|Thread-5|dumpPacket|   key: CLIENT_SETTINGS_LIST is: [Ledu.csus.ecs.pc2.core.model.ClientSettings; [Ledu.csus.ecs.pc2.core.model.ClientSettings;@ffa1c1a
140914 203222.941|INFO|Thread-5|dumpPacket|   key: LOCAL_LOGGED_IN_USERS is: [Ledu.csus.ecs.pc2.core.model.ClientId; [Ledu.csus.ecs.pc2.core.model.ClientId;@4ef5c9a0
140914 203222.941|INFO|Thread-5|dumpPacket|   key: CLIENT_ID is: edu.csus.ecs.pc2.core.model.ClientId TEAM13 @ site 1
140914 203222.941|INFO|Thread-5|dumpPacket|   key: GROUP_LIST is: [Ledu.csus.ecs.pc2.core.model.Group; [Ledu.csus.ecs.pc2.core.model.Group;@538ee336
140914 203222.941|INFO|Thread-5|dumpPacket|   key: CONNECTION_HANDLE_ID_LIST is: [Ledu.csus.ecs.pc2.core.transport.ConnectionHandlerID; [Ledu.csus.ecs.pc2.core.transport.ConnectionHandlerID;@77e4e386
140914 203222.942|INFO|Thread-5|dumpPacket|   key: CONTEST_TIME is: edu.csus.ecs.pc2.core.model.ContestTime edu.csus.ecs.pc2.core.model.ContestTime@28a12bac
140914 203222.942|INFO|Thread-5|dumpPacket|   key: PROFILE_LIST is: [Ledu.csus.ecs.pc2.core.model.Profile; [Ledu.csus.ecs.pc2.core.model.Profile;@48f94fd1
140914 203222.942|INFO|Thread-5|dumpPacket|   key: CONTEST_TIME_LIST is: [Ledu.csus.ecs.pc2.core.model.ContestTime; [Ledu.csus.ecs.pc2.core.model.ContestTime;@6cca82ab
140914 203222.942|INFO|Thread-5|dumpPacket|   key: CONTEST_INFORMATION is: edu.csus.ecs.pc2.core.model.ContestInformation edu.csus.ecs.pc2.core.model.ContestInformation@3ce2b467
140914 203222.942|INFO|Thread-5|dumpPacket|   key: SITE_LIST is: [Ledu.csus.ecs.pc2.core.model.Site; [Ledu.csus.ecs.pc2.core.model.Site;@1dbf041c
140914 203222.942|INFO|Thread-5|dumpPacket|   key: RUN_LIST is: [Ledu.csus.ecs.pc2.core.model.Run; [Ledu.csus.ecs.pc2.core.model.Run;@1fba57bd
140914 203241.869|INFO|Thread-7|run|send(Serializable)
140914 203241.978|INFO|Thread-1|receive|public void receive(SealedObject TransportPacket, ConnectionHandlerID connectionHandlerID)
140914 203502.696|INFO|Thread-1|receive|public void receive(SealedObject TransportPacket, ConnectionHandlerID connectionHandlerID)
140914 203747.423|INFO|Thread-1|receive|public void receive(SealedObject TransportPacket, ConnectionHandlerID connectionHandlerID)
140914 204339.096|INFO|Thread-11|run|send(Serializable)
140914 204339.145|INFO|Thread-1|receive|public void receive(SealedObject TransportPacket, ConnectionHandlerID connectionHandlerID)
140914 204644.163|INFO|Thread-1|receive|public void receive(SealedObject TransportPacket, ConnectionHandlerID connectionHandlerID)
140914 205625.104|INFO|Thread-14|run|send(Serializable)
140914 205625.150|INFO|Thread-1|receive|public void receive(SealedObject TransportPacket, ConnectionHandlerID connectionHandlerID)
140914 205833.022|INFO|Thread-16|run|send(Serializable)
140914 205833.069|INFO|Thread-1|receive|public void receive(SealedObject TransportPacket, ConnectionHandlerID connectionHandlerID)
140914 210036.238|INFO|Thread-1|receive|public void receive(SealedObject TransportPacket, ConnectionHandlerID connectionHandlerID)
