141102 192135.879|CONFIG|AWT-EventQueue-0|setFileHandlers|Now logging to C:\Users\Qasim\Documents\CMUQ WORK\Fall 2014\Competition Progg\pc2-9.2.3\bin\logs directory.
141102 192135.880|INFO|AWT-EventQueue-0|info|
141102 192135.880|INFO|AWT-EventQueue-0|info|Version 9.2.3 20120910 (Monday, September 10th 2012 16:20 UTC) Java ver 1.8.0_20 build 2565 Windows 7 6.1 (amd64) 
141102 192135.881|INFO|AWT-EventQueue-0|info|Login: team13 (aka team13)
141102 192135.881|INFO|AWT-EventQueue-0|startLog|Working directory is C:\Users\Qasim\Documents\CMUQ WORK\Fall 2014\Competition Progg\pc2-9.2.3\bin
141102 192135.883|INFO|AWT-EventQueue-0|startLog|Process id is 7056@CHIKAANCOMPUTER
141102 192135.884|INFO|AWT-EventQueue-0|info|Contacting server at pc2.qatar.cmu.edu:50002 as TEAM13 @ site 0
141102 192135.884|INFO|AWT-EventQueue-0|info|sendLoginRequest start - sending from TEAM13 @ site 0
141102 192135.897|INFO|AWT-EventQueue-0|sendToLocalServer|Sending packet to server Packet[LOGIN_REQUEST] #1 TEAM13 @ site 0 -> SERVER0 @ site 0
141102 192135.901|INFO|AWT-EventQueue-0|sendToLocalServer|Sent    packet to server Packet[LOGIN_REQUEST] #1 TEAM13 @ site 0 -> SERVER0 @ site 0
141102 192135.901|INFO|AWT-EventQueue-0|info|sendLoginRequest end - packet sent.
141102 192135.903|INFO|Thread-4|run|send(Serializable)
141102 192136.214|INFO|Thread-1|receive|public void receive(SealedObject TransportPacket, ConnectionHandlerID connectionHandlerID)
141102 192136.297|INFO|Thread-5|info| receiveObject(S) start got Packet[LOGIN_SUCCESS] #130 SERVER0 @ site 1 -> TEAM13 @ site 1
141102 192136.297|INFO|Thread-5|dumpPacket|Packet LOGIN_SUCCESS (Seq #130 ) recieveObject
141102 192136.298|INFO|Thread-5|dumpPacket|  From: SERVER0 @ site 1 (pc2 @ 127.0.1.1) (Contest Id: Default-1243707879671698423)
141102 192136.298|INFO|Thread-5|dumpPacket|    To: TEAM13 @ site 1
141102 192136.298|INFO|Thread-5|dumpPacket|   key: ACCOUNT_ARRAY is: [Ledu.csus.ecs.pc2.core.model.Account; [Ledu.csus.ecs.pc2.core.model.Account;@b05e124
141102 192136.298|INFO|Thread-5|dumpPacket|   key: GENERAL_PROBLEM is: edu.csus.ecs.pc2.core.model.Problem General
141102 192136.299|INFO|Thread-5|dumpPacket|   key: SERVER_CLOCK_OFFSET is: java.util.GregorianCalendar java.util.GregorianCalendar[time=1414945298523,areFieldsSet=true,areAllFieldsSet=false,lenient=true,zone=sun.util.calendar.ZoneInfo[id="GMT",offset=0,dstSavings=0,useDaylight=false,transitions=0,lastRule=null],firstDayOfWeek=1,minimalDaysInFirstWeek=1,ERA=1,YEAR=2014,MONTH=10,WEEK_OF_YEAR=45,WEEK_OF_MONTH=2,DAY_OF_MONTH=2,DAY_OF_YEAR=306,DAY_OF_WEEK=1,DAY_OF_WEEK_IN_MONTH=1,AM_PM=1,HOUR=4,HOUR_OF_DAY=16,MINUTE=21,SECOND=38,MILLISECOND=523,ZONE_OFFSET=0,DST_OFFSET=0]
141102 192136.299|INFO|Thread-5|dumpPacket|   key: JUDGEMENT_LIST is: [Ledu.csus.ecs.pc2.core.model.Judgement; [Ledu.csus.ecs.pc2.core.model.Judgement;@5c21e34
141102 192136.299|INFO|Thread-5|dumpPacket|   key: PROBLEM_DATA_FILES is: [Ledu.csus.ecs.pc2.core.model.ProblemDataFiles; [Ledu.csus.ecs.pc2.core.model.ProblemDataFiles;@1fd8a54
141102 192136.299|INFO|Thread-5|dumpPacket|   key: LANGUAGE_LIST is: [Ledu.csus.ecs.pc2.core.model.Language; [Ledu.csus.ecs.pc2.core.model.Language;@44ff140f
141102 192136.299|INFO|Thread-5|dumpPacket|   key: PROFILE is: edu.csus.ecs.pc2.core.model.Profile Default--281500268931307893
141102 192136.300|INFO|Thread-5|dumpPacket|   key: BALLOON_SETTINGS_LIST is: [Ledu.csus.ecs.pc2.core.model.BalloonSettings; [Ledu.csus.ecs.pc2.core.model.BalloonSettings;@60d7c175
141102 192136.300|INFO|Thread-5|dumpPacket|   key: REMOTE_LOGGED_IN_USERS is: [Ledu.csus.ecs.pc2.core.model.ClientId; [Ledu.csus.ecs.pc2.core.model.ClientId;@757150e5
141102 192136.300|INFO|Thread-5|dumpPacket|   key: CLARIFICATION_LIST is: [Ledu.csus.ecs.pc2.core.model.Clarification; [Ledu.csus.ecs.pc2.core.model.Clarification;@18b3db35
141102 192136.300|INFO|Thread-5|dumpPacket|   key: CONTEST_IDENTIFIER is: java.lang.String Default-1243707879671698423
141102 192136.300|INFO|Thread-5|dumpPacket|   key: PROBLEM_LIST is: [Ledu.csus.ecs.pc2.core.model.Problem; [Ledu.csus.ecs.pc2.core.model.Problem;@24d0eb40
141102 192136.301|INFO|Thread-5|dumpPacket|   key: SITE_NUMBER is: java.lang.Integer 1
141102 192136.301|INFO|Thread-5|dumpPacket|   key: CLIENT_SETTINGS_LIST is: [Ledu.csus.ecs.pc2.core.model.ClientSettings; [Ledu.csus.ecs.pc2.core.model.ClientSettings;@7a525ac6
141102 192136.301|INFO|Thread-5|dumpPacket|   key: LOCAL_LOGGED_IN_USERS is: [Ledu.csus.ecs.pc2.core.model.ClientId; [Ledu.csus.ecs.pc2.core.model.ClientId;@55bdb11
141102 192136.302|INFO|Thread-5|dumpPacket|   key: CLIENT_ID is: edu.csus.ecs.pc2.core.model.ClientId TEAM13 @ site 1
141102 192136.302|INFO|Thread-5|dumpPacket|   key: GROUP_LIST is: [Ledu.csus.ecs.pc2.core.model.Group; [Ledu.csus.ecs.pc2.core.model.Group;@3b7d2fc
141102 192136.302|INFO|Thread-5|dumpPacket|   key: CONNECTION_HANDLE_ID_LIST is: [Ledu.csus.ecs.pc2.core.transport.ConnectionHandlerID; [Ledu.csus.ecs.pc2.core.transport.ConnectionHandlerID;@209eb321
141102 192136.302|INFO|Thread-5|dumpPacket|   key: CONTEST_TIME is: edu.csus.ecs.pc2.core.model.ContestTime edu.csus.ecs.pc2.core.model.ContestTime@48f2499e
141102 192136.302|INFO|Thread-5|dumpPacket|   key: PROFILE_LIST is: [Ledu.csus.ecs.pc2.core.model.Profile; [Ledu.csus.ecs.pc2.core.model.Profile;@132a90c2
141102 192136.303|INFO|Thread-5|dumpPacket|   key: CONTEST_TIME_LIST is: [Ledu.csus.ecs.pc2.core.model.ContestTime; [Ledu.csus.ecs.pc2.core.model.ContestTime;@2eb78069
141102 192136.303|INFO|Thread-5|dumpPacket|   key: CONTEST_INFORMATION is: edu.csus.ecs.pc2.core.model.ContestInformation edu.csus.ecs.pc2.core.model.ContestInformation@7be52925
141102 192136.303|INFO|Thread-5|dumpPacket|   key: SITE_LIST is: [Ledu.csus.ecs.pc2.core.model.Site; [Ledu.csus.ecs.pc2.core.model.Site;@2181317e
141102 192136.303|INFO|Thread-5|dumpPacket|   key: RUN_LIST is: [Ledu.csus.ecs.pc2.core.model.Run; [Ledu.csus.ecs.pc2.core.model.Run;@666a190c
141102 192136.303|INFO|Thread-5|info|handlePacket start Packet[LOGIN_SUCCESS] #130 SERVER0 @ site 1 -> TEAM13 @ site 1
141102 192136.304|INFO|Thread-5|dumpPacket|Packet LOGIN_SUCCESS (Seq #130 ) handlePacket
141102 192136.304|INFO|Thread-5|dumpPacket|  From: SERVER0 @ site 1 (pc2 @ 127.0.1.1) (Contest Id: Default-1243707879671698423)
141102 192136.304|INFO|Thread-5|dumpPacket|    To: TEAM13 @ site 1
141102 192136.304|INFO|Thread-5|dumpPacket|   key: ACCOUNT_ARRAY is: [Ledu.csus.ecs.pc2.core.model.Account; [Ledu.csus.ecs.pc2.core.model.Account;@b05e124
141102 192136.304|INFO|Thread-5|dumpPacket|   key: GENERAL_PROBLEM is: edu.csus.ecs.pc2.core.model.Problem General
141102 192136.304|INFO|Thread-5|dumpPacket|   key: SERVER_CLOCK_OFFSET is: java.util.GregorianCalendar java.util.GregorianCalendar[time=1414945298523,areFieldsSet=true,areAllFieldsSet=false,lenient=true,zone=sun.util.calendar.ZoneInfo[id="GMT",offset=0,dstSavings=0,useDaylight=false,transitions=0,lastRule=null],firstDayOfWeek=1,minimalDaysInFirstWeek=1,ERA=1,YEAR=2014,MONTH=10,WEEK_OF_YEAR=45,WEEK_OF_MONTH=2,DAY_OF_MONTH=2,DAY_OF_YEAR=306,DAY_OF_WEEK=1,DAY_OF_WEEK_IN_MONTH=1,AM_PM=1,HOUR=4,HOUR_OF_DAY=16,MINUTE=21,SECOND=38,MILLISECOND=523,ZONE_OFFSET=0,DST_OFFSET=0]
141102 192136.305|INFO|Thread-5|dumpPacket|   key: JUDGEMENT_LIST is: [Ledu.csus.ecs.pc2.core.model.Judgement; [Ledu.csus.ecs.pc2.core.model.Judgement;@5c21e34
141102 192136.305|INFO|Thread-5|dumpPacket|   key: PROBLEM_DATA_FILES is: [Ledu.csus.ecs.pc2.core.model.ProblemDataFiles; [Ledu.csus.ecs.pc2.core.model.ProblemDataFiles;@1fd8a54
141102 192136.305|INFO|Thread-5|dumpPacket|   key: LANGUAGE_LIST is: [Ledu.csus.ecs.pc2.core.model.Language; [Ledu.csus.ecs.pc2.core.model.Language;@44ff140f
141102 192136.305|INFO|Thread-5|dumpPacket|   key: PROFILE is: edu.csus.ecs.pc2.core.model.Profile Default--281500268931307893
141102 192136.306|INFO|Thread-5|dumpPacket|   key: BALLOON_SETTINGS_LIST is: [Ledu.csus.ecs.pc2.core.model.BalloonSettings; [Ledu.csus.ecs.pc2.core.model.BalloonSettings;@60d7c175
141102 192136.306|INFO|Thread-5|dumpPacket|   key: REMOTE_LOGGED_IN_USERS is: [Ledu.csus.ecs.pc2.core.model.ClientId; [Ledu.csus.ecs.pc2.core.model.ClientId;@757150e5
141102 192136.306|INFO|Thread-5|dumpPacket|   key: CLARIFICATION_LIST is: [Ledu.csus.ecs.pc2.core.model.Clarification; [Ledu.csus.ecs.pc2.core.model.Clarification;@18b3db35
141102 192136.306|INFO|Thread-5|dumpPacket|   key: CONTEST_IDENTIFIER is: java.lang.String Default-1243707879671698423
141102 192136.306|INFO|Thread-5|dumpPacket|   key: PROBLEM_LIST is: [Ledu.csus.ecs.pc2.core.model.Problem; [Ledu.csus.ecs.pc2.core.model.Problem;@24d0eb40
141102 192136.306|INFO|Thread-5|dumpPacket|   key: SITE_NUMBER is: java.lang.Integer 1
141102 192136.307|INFO|Thread-5|dumpPacket|   key: CLIENT_SETTINGS_LIST is: [Ledu.csus.ecs.pc2.core.model.ClientSettings; [Ledu.csus.ecs.pc2.core.model.ClientSettings;@7a525ac6
141102 192136.307|INFO|Thread-5|dumpPacket|   key: LOCAL_LOGGED_IN_USERS is: [Ledu.csus.ecs.pc2.core.model.ClientId; [Ledu.csus.ecs.pc2.core.model.ClientId;@55bdb11
141102 192136.307|INFO|Thread-5|dumpPacket|   key: CLIENT_ID is: edu.csus.ecs.pc2.core.model.ClientId TEAM13 @ site 1
141102 192136.307|INFO|Thread-5|dumpPacket|   key: GROUP_LIST is: [Ledu.csus.ecs.pc2.core.model.Group; [Ledu.csus.ecs.pc2.core.model.Group;@3b7d2fc
141102 192136.307|INFO|Thread-5|dumpPacket|   key: CONNECTION_HANDLE_ID_LIST is: [Ledu.csus.ecs.pc2.core.transport.ConnectionHandlerID; [Ledu.csus.ecs.pc2.core.transport.ConnectionHandlerID;@209eb321
141102 192136.307|INFO|Thread-5|dumpPacket|   key: CONTEST_TIME is: edu.csus.ecs.pc2.core.model.ContestTime edu.csus.ecs.pc2.core.model.ContestTime@48f2499e
141102 192136.307|INFO|Thread-5|dumpPacket|   key: PROFILE_LIST is: [Ledu.csus.ecs.pc2.core.model.Profile; [Ledu.csus.ecs.pc2.core.model.Profile;@132a90c2
141102 192136.308|INFO|Thread-5|dumpPacket|   key: CONTEST_TIME_LIST is: [Ledu.csus.ecs.pc2.core.model.ContestTime; [Ledu.csus.ecs.pc2.core.model.ContestTime;@2eb78069
141102 192136.308|INFO|Thread-5|dumpPacket|   key: CONTEST_INFORMATION is: edu.csus.ecs.pc2.core.model.ContestInformation edu.csus.ecs.pc2.core.model.ContestInformation@7be52925
141102 192136.308|INFO|Thread-5|dumpPacket|   key: SITE_LIST is: [Ledu.csus.ecs.pc2.core.model.Site; [Ledu.csus.ecs.pc2.core.model.Site;@2181317e
141102 192136.308|INFO|Thread-5|dumpPacket|   key: RUN_LIST is: [Ledu.csus.ecs.pc2.core.model.Run; [Ledu.csus.ecs.pc2.core.model.Run;@666a190c
141102 192208.303|INFO|Thread-7|run|send(Serializable)
141102 192208.386|INFO|Thread-1|receive|public void receive(SealedObject TransportPacket, ConnectionHandlerID connectionHandlerID)
141102 192301.118|INFO|Thread-1|receive|public void receive(SealedObject TransportPacket, ConnectionHandlerID connectionHandlerID)
