141201 112349.155|CONFIG|AWT-EventQueue-0|setFileHandlers|Now logging to C:\Users\Qasim\Documents\CMUQ WORK\Fall 2014\Competition Progg\pc2-9.2.3\bin\logs directory.
141201 112349.156|INFO|AWT-EventQueue-0|info|
141201 112349.156|INFO|AWT-EventQueue-0|info|Version 9.2.3 20120910 (Monday, September 10th 2012 16:20 UTC) Java ver 1.8.0_20 build 2565 Windows 7 6.1 (amd64) 
141201 112349.157|INFO|AWT-EventQueue-0|info|Login: team13 (aka team13)
141201 112349.157|INFO|AWT-EventQueue-0|startLog|Working directory is C:\Users\Qasim\Documents\CMUQ WORK\Fall 2014\Competition Progg\pc2-9.2.3\bin
141201 112349.158|INFO|AWT-EventQueue-0|startLog|Process id is 5864@CHIKAANCOMPUTER
141201 112349.158|INFO|AWT-EventQueue-0|info|Contacting server at pc2.qatar.cmu.edu:50002 as TEAM13 @ site 0
141201 112349.159|INFO|AWT-EventQueue-0|info|sendLoginRequest start - sending from TEAM13 @ site 0
141201 112349.166|INFO|AWT-EventQueue-0|sendToLocalServer|Sending packet to server Packet[LOGIN_REQUEST] #1 TEAM13 @ site 0 -> SERVER0 @ site 0
141201 112349.168|INFO|Thread-4|run|send(Serializable)
141201 112349.171|INFO|AWT-EventQueue-0|sendToLocalServer|Sent    packet to server Packet[LOGIN_REQUEST] #1 TEAM13 @ site 0 -> SERVER0 @ site 0
141201 112349.172|INFO|AWT-EventQueue-0|info|sendLoginRequest end - packet sent.
141201 112350.016|INFO|Thread-1|receive|public void receive(SealedObject TransportPacket, ConnectionHandlerID connectionHandlerID)
141201 112350.161|INFO|Thread-5|info| receiveObject(S) start got Packet[LOGIN_SUCCESS] #150 SERVER0 @ site 1 -> TEAM13 @ site 1
141201 112350.162|INFO|Thread-5|dumpPacket|Packet LOGIN_SUCCESS (Seq #150 ) recieveObject
141201 112350.162|INFO|Thread-5|dumpPacket|  From: SERVER0 @ site 1 (pc2 @ 127.0.1.1) (Contest Id: Default-8267512950873870096)
141201 112350.162|INFO|Thread-5|dumpPacket|    To: TEAM13 @ site 1
141201 112350.163|INFO|Thread-5|dumpPacket|   key: ACCOUNT_ARRAY is: [Ledu.csus.ecs.pc2.core.model.Account; [Ledu.csus.ecs.pc2.core.model.Account;@1ecbd7f9
141201 112350.163|INFO|Thread-5|dumpPacket|   key: GENERAL_PROBLEM is: edu.csus.ecs.pc2.core.model.Problem General
141201 112350.163|INFO|Thread-5|dumpPacket|   key: SERVER_CLOCK_OFFSET is: java.util.GregorianCalendar java.util.GregorianCalendar[time=1417422231743,areFieldsSet=true,areAllFieldsSet=false,lenient=true,zone=sun.util.calendar.ZoneInfo[id="GMT",offset=0,dstSavings=0,useDaylight=false,transitions=0,lastRule=null],firstDayOfWeek=1,minimalDaysInFirstWeek=1,ERA=1,YEAR=2014,MONTH=11,WEEK_OF_YEAR=49,WEEK_OF_MONTH=1,DAY_OF_MONTH=1,DAY_OF_YEAR=335,DAY_OF_WEEK=2,DAY_OF_WEEK_IN_MONTH=1,AM_PM=0,HOUR=8,HOUR_OF_DAY=8,MINUTE=23,SECOND=51,MILLISECOND=743,ZONE_OFFSET=0,DST_OFFSET=0]
141201 112350.164|INFO|Thread-5|dumpPacket|   key: JUDGEMENT_LIST is: [Ledu.csus.ecs.pc2.core.model.Judgement; [Ledu.csus.ecs.pc2.core.model.Judgement;@100c3a50
141201 112350.164|INFO|Thread-5|dumpPacket|   key: PROBLEM_DATA_FILES is: [Ledu.csus.ecs.pc2.core.model.ProblemDataFiles; [Ledu.csus.ecs.pc2.core.model.ProblemDataFiles;@1433bc89
141201 112350.164|INFO|Thread-5|dumpPacket|   key: LANGUAGE_LIST is: [Ledu.csus.ecs.pc2.core.model.Language; [Ledu.csus.ecs.pc2.core.model.Language;@5131306b
141201 112350.165|INFO|Thread-5|dumpPacket|   key: PROFILE is: edu.csus.ecs.pc2.core.model.Profile Default-8618172985985296434
141201 112350.165|INFO|Thread-5|dumpPacket|   key: BALLOON_SETTINGS_LIST is: [Ledu.csus.ecs.pc2.core.model.BalloonSettings; [Ledu.csus.ecs.pc2.core.model.BalloonSettings;@118551ab
141201 112350.165|INFO|Thread-5|dumpPacket|   key: REMOTE_LOGGED_IN_USERS is: [Ledu.csus.ecs.pc2.core.model.ClientId; [Ledu.csus.ecs.pc2.core.model.ClientId;@602a2771
141201 112350.165|INFO|Thread-5|dumpPacket|   key: CLARIFICATION_LIST is: [Ledu.csus.ecs.pc2.core.model.Clarification; [Ledu.csus.ecs.pc2.core.model.Clarification;@69741809
141201 112350.166|INFO|Thread-5|dumpPacket|   key: CONTEST_IDENTIFIER is: java.lang.String Default-8267512950873870096
141201 112350.166|INFO|Thread-5|dumpPacket|   key: PROBLEM_LIST is: [Ledu.csus.ecs.pc2.core.model.Problem; [Ledu.csus.ecs.pc2.core.model.Problem;@311ecf24
141201 112350.166|INFO|Thread-5|dumpPacket|   key: SITE_NUMBER is: java.lang.Integer 1
141201 112350.167|INFO|Thread-5|dumpPacket|   key: CLIENT_SETTINGS_LIST is: [Ledu.csus.ecs.pc2.core.model.ClientSettings; [Ledu.csus.ecs.pc2.core.model.ClientSettings;@aadd8a5
141201 112350.167|INFO|Thread-5|dumpPacket|   key: LOCAL_LOGGED_IN_USERS is: [Ledu.csus.ecs.pc2.core.model.ClientId; [Ledu.csus.ecs.pc2.core.model.ClientId;@3b0d672e
141201 112350.167|INFO|Thread-5|dumpPacket|   key: CLIENT_ID is: edu.csus.ecs.pc2.core.model.ClientId TEAM13 @ site 1
141201 112350.167|INFO|Thread-5|dumpPacket|   key: GROUP_LIST is: [Ledu.csus.ecs.pc2.core.model.Group; [Ledu.csus.ecs.pc2.core.model.Group;@72709416
141201 112350.168|INFO|Thread-5|dumpPacket|   key: CONNECTION_HANDLE_ID_LIST is: [Ledu.csus.ecs.pc2.core.transport.ConnectionHandlerID; [Ledu.csus.ecs.pc2.core.transport.ConnectionHandlerID;@35501293
141201 112350.168|INFO|Thread-5|dumpPacket|   key: CONTEST_TIME is: edu.csus.ecs.pc2.core.model.ContestTime edu.csus.ecs.pc2.core.model.ContestTime@515c8c6c
141201 112350.168|INFO|Thread-5|dumpPacket|   key: PROFILE_LIST is: [Ledu.csus.ecs.pc2.core.model.Profile; [Ledu.csus.ecs.pc2.core.model.Profile;@1b8a57e
141201 112350.168|INFO|Thread-5|dumpPacket|   key: CONTEST_TIME_LIST is: [Ledu.csus.ecs.pc2.core.model.ContestTime; [Ledu.csus.ecs.pc2.core.model.ContestTime;@779e417b
141201 112350.169|INFO|Thread-5|dumpPacket|   key: CONTEST_INFORMATION is: edu.csus.ecs.pc2.core.model.ContestInformation edu.csus.ecs.pc2.core.model.ContestInformation@42ef0191
141201 112350.169|INFO|Thread-5|dumpPacket|   key: SITE_LIST is: [Ledu.csus.ecs.pc2.core.model.Site; [Ledu.csus.ecs.pc2.core.model.Site;@7765ca4c
141201 112350.169|INFO|Thread-5|dumpPacket|   key: RUN_LIST is: [Ledu.csus.ecs.pc2.core.model.Run; [Ledu.csus.ecs.pc2.core.model.Run;@33b2028b
141201 112350.170|INFO|Thread-5|info|handlePacket start Packet[LOGIN_SUCCESS] #150 SERVER0 @ site 1 -> TEAM13 @ site 1
141201 112350.170|INFO|Thread-5|dumpPacket|Packet LOGIN_SUCCESS (Seq #150 ) handlePacket
141201 112350.170|INFO|Thread-5|dumpPacket|  From: SERVER0 @ site 1 (pc2 @ 127.0.1.1) (Contest Id: Default-8267512950873870096)
141201 112350.170|INFO|Thread-5|dumpPacket|    To: TEAM13 @ site 1
141201 112350.171|INFO|Thread-5|dumpPacket|   key: ACCOUNT_ARRAY is: [Ledu.csus.ecs.pc2.core.model.Account; [Ledu.csus.ecs.pc2.core.model.Account;@1ecbd7f9
141201 112350.171|INFO|Thread-5|dumpPacket|   key: GENERAL_PROBLEM is: edu.csus.ecs.pc2.core.model.Problem General
141201 112350.171|INFO|Thread-5|dumpPacket|   key: SERVER_CLOCK_OFFSET is: java.util.GregorianCalendar java.util.GregorianCalendar[time=1417422231743,areFieldsSet=true,areAllFieldsSet=false,lenient=true,zone=sun.util.calendar.ZoneInfo[id="GMT",offset=0,dstSavings=0,useDaylight=false,transitions=0,lastRule=null],firstDayOfWeek=1,minimalDaysInFirstWeek=1,ERA=1,YEAR=2014,MONTH=11,WEEK_OF_YEAR=49,WEEK_OF_MONTH=1,DAY_OF_MONTH=1,DAY_OF_YEAR=335,DAY_OF_WEEK=2,DAY_OF_WEEK_IN_MONTH=1,AM_PM=0,HOUR=8,HOUR_OF_DAY=8,MINUTE=23,SECOND=51,MILLISECOND=743,ZONE_OFFSET=0,DST_OFFSET=0]
141201 112350.172|INFO|Thread-5|dumpPacket|   key: JUDGEMENT_LIST is: [Ledu.csus.ecs.pc2.core.model.Judgement; [Ledu.csus.ecs.pc2.core.model.Judgement;@100c3a50
141201 112350.172|INFO|Thread-5|dumpPacket|   key: PROBLEM_DATA_FILES is: [Ledu.csus.ecs.pc2.core.model.ProblemDataFiles; [Ledu.csus.ecs.pc2.core.model.ProblemDataFiles;@1433bc89
141201 112350.172|INFO|Thread-5|dumpPacket|   key: LANGUAGE_LIST is: [Ledu.csus.ecs.pc2.core.model.Language; [Ledu.csus.ecs.pc2.core.model.Language;@5131306b
141201 112350.173|INFO|Thread-5|dumpPacket|   key: PROFILE is: edu.csus.ecs.pc2.core.model.Profile Default-8618172985985296434
141201 112350.173|INFO|Thread-5|dumpPacket|   key: BALLOON_SETTINGS_LIST is: [Ledu.csus.ecs.pc2.core.model.BalloonSettings; [Ledu.csus.ecs.pc2.core.model.BalloonSettings;@118551ab
141201 112350.173|INFO|Thread-5|dumpPacket|   key: REMOTE_LOGGED_IN_USERS is: [Ledu.csus.ecs.pc2.core.model.ClientId; [Ledu.csus.ecs.pc2.core.model.ClientId;@602a2771
141201 112350.173|INFO|Thread-5|dumpPacket|   key: CLARIFICATION_LIST is: [Ledu.csus.ecs.pc2.core.model.Clarification; [Ledu.csus.ecs.pc2.core.model.Clarification;@69741809
141201 112350.174|INFO|Thread-5|dumpPacket|   key: CONTEST_IDENTIFIER is: java.lang.String Default-8267512950873870096
141201 112350.174|INFO|Thread-5|dumpPacket|   key: PROBLEM_LIST is: [Ledu.csus.ecs.pc2.core.model.Problem; [Ledu.csus.ecs.pc2.core.model.Problem;@311ecf24
141201 112350.174|INFO|Thread-5|dumpPacket|   key: SITE_NUMBER is: java.lang.Integer 1
141201 112350.175|INFO|Thread-5|dumpPacket|   key: CLIENT_SETTINGS_LIST is: [Ledu.csus.ecs.pc2.core.model.ClientSettings; [Ledu.csus.ecs.pc2.core.model.ClientSettings;@aadd8a5
141201 112350.175|INFO|Thread-5|dumpPacket|   key: LOCAL_LOGGED_IN_USERS is: [Ledu.csus.ecs.pc2.core.model.ClientId; [Ledu.csus.ecs.pc2.core.model.ClientId;@3b0d672e
141201 112350.175|INFO|Thread-5|dumpPacket|   key: CLIENT_ID is: edu.csus.ecs.pc2.core.model.ClientId TEAM13 @ site 1
141201 112350.175|INFO|Thread-5|dumpPacket|   key: GROUP_LIST is: [Ledu.csus.ecs.pc2.core.model.Group; [Ledu.csus.ecs.pc2.core.model.Group;@72709416
141201 112350.176|INFO|Thread-5|dumpPacket|   key: CONNECTION_HANDLE_ID_LIST is: [Ledu.csus.ecs.pc2.core.transport.ConnectionHandlerID; [Ledu.csus.ecs.pc2.core.transport.ConnectionHandlerID;@35501293
141201 112350.176|INFO|Thread-5|dumpPacket|   key: CONTEST_TIME is: edu.csus.ecs.pc2.core.model.ContestTime edu.csus.ecs.pc2.core.model.ContestTime@515c8c6c
141201 112350.176|INFO|Thread-5|dumpPacket|   key: PROFILE_LIST is: [Ledu.csus.ecs.pc2.core.model.Profile; [Ledu.csus.ecs.pc2.core.model.Profile;@1b8a57e
141201 112350.177|INFO|Thread-5|dumpPacket|   key: CONTEST_TIME_LIST is: [Ledu.csus.ecs.pc2.core.model.ContestTime; [Ledu.csus.ecs.pc2.core.model.ContestTime;@779e417b
141201 112350.177|INFO|Thread-5|dumpPacket|   key: CONTEST_INFORMATION is: edu.csus.ecs.pc2.core.model.ContestInformation edu.csus.ecs.pc2.core.model.ContestInformation@42ef0191
141201 112350.177|INFO|Thread-5|dumpPacket|   key: SITE_LIST is: [Ledu.csus.ecs.pc2.core.model.Site; [Ledu.csus.ecs.pc2.core.model.Site;@7765ca4c
141201 112350.177|INFO|Thread-5|dumpPacket|   key: RUN_LIST is: [Ledu.csus.ecs.pc2.core.model.Run; [Ledu.csus.ecs.pc2.core.model.Run;@33b2028b
